The target system is: Linux -  - arm
The host system is: Linux - 6.5.0-25-generic - x86_64
Compiling the C compiler identification source file "CMakeCCompilerId.c" succeeded.
Compiler: /home/som3a133/x-tools/arm-cortexa9_neon-linux-musleabihf/bin/arm-cortexa9_neon-linux-musleabihf-gcc 
Build flags: 
Id flags:  

The output was:
0


Compilation of the C compiler identification source "CMakeCCompilerId.c" produced "a.out"

The C compiler identification is GNU, found in "/home/som3a133/Desktop/EmbeddedLinux/Qemu/initApp/build/CMakeFiles/3.22.1/CompilerIdC/a.out"

Compiling the CXX compiler identification source file "CMakeCXXCompilerId.cpp" succeeded.
Compiler: /home/som3a133/x-tools/arm-cortexa9_neon-linux-musleabihf/bin/arm-cortexa9_neon-linux-musleabihf-g++ 
Build flags: 
Id flags:  

The output was:
0


Compilation of the CXX compiler identification source "CMakeCXXCompilerId.cpp" produced "a.out"

The CXX compiler identification is GNU, found in "/home/som3a133/Desktop/EmbeddedLinux/Qemu/initApp/build/CMakeFiles/3.22.1/CompilerIdCXX/a.out"

Detecting C compiler ABI info compiled with the following output:
Change Dir: /home/som3a133/Desktop/EmbeddedLinux/Qemu/initApp/build/CMakeFiles/CMakeTmp

Run Build Command(s):/usr/bin/gmake -f Makefile cmTC_d64cd/fast && /usr/bin/gmake  -f CMakeFiles/cmTC_d64cd.dir/build.make CMakeFiles/cmTC_d64cd.dir/build
gmake[1]: Entering directory '/home/som3a133/Desktop/EmbeddedLinux/Qemu/initApp/build/CMakeFiles/CMakeTmp'
Building C object CMakeFiles/cmTC_d64cd.dir/CMakeCCompilerABI.c.o
/home/som3a133/x-tools/arm-cortexa9_neon-linux-musleabihf/bin/arm-cortexa9_neon-linux-musleabihf-gcc   -v -o CMakeFiles/cmTC_d64cd.dir/CMakeCCompilerABI.c.o -c /usr/share/cmake-3.22/Modules/CMakeCCompilerABI.c
Using built-in specs.
COLLECT_GCC=/home/som3a133/x-tools/arm-cortexa9_neon-linux-musleabihf/bin/arm-cortexa9_neon-linux-musleabihf-gcc
Target: arm-cortexa9_neon-linux-musleabihf
Configured with: /home/som3a133/Desktop/crosstool-NG/crosstool-ng/.build/arm-cortexa9_neon-linux-musleabihf/src/gcc/configure --build=x86_64-build_pc-linux-gnu --host=x86_64-build_pc-linux-gnu --target=arm-cortexa9_neon-linux-musleabihf --prefix=/home/som3a133/x-tools/arm-cortexa9_neon-linux-musleabihf --exec_prefix=/home/som3a133/x-tools/arm-cortexa9_neon-linux-musleabihf --with-sysroot=/home/som3a133/x-tools/arm-cortexa9_neon-linux-musleabihf/arm-cortexa9_neon-linux-musleabihf/sysroot --enable-languages=c,c++ --with-cpu=cortex-a9 --with-fpu=neon --with-float=hard --with-pkgversion='crosstool-NG 1.24.0.489_25f6dae' --enable-__cxa_atexit --disable-libmudflap --disable-libgomp --disable-libssp --disable-libquadmath --disable-libquadmath-support --disable-libsanitizer --disable-libmpx --with-gmp=/home/som3a133/Desktop/crosstool-NG/crosstool-ng/.build/arm-cortexa9_neon-linux-musleabihf/buildtools --with-mpfr=/home/som3a133/Desktop/crosstool-NG/crosstool-ng/.build/arm-cortexa9_neon-linux-musleabihf/buildtools --with-mpc=/home/som3a133/Desktop/crosstool-NG/crosstool-ng/.build/arm-cortexa9_neon-linux-musleabihf/buildtools --with-isl=/home/som3a133/Desktop/crosstool-NG/crosstool-ng/.build/arm-cortexa9_neon-linux-musleabihf/buildtools --enable-lto --enable-threads=posix --enable-plugin --enable-gold --with-libintl-prefix=/home/som3a133/Desktop/crosstool-NG/crosstool-ng/.build/arm-cortexa9_neon-linux-musleabihf/buildtools --disable-multilib --with-local-prefix=/home/som3a133/x-tools/arm-cortexa9_neon-linux-musleabihf/arm-cortexa9_neon-linux-musleabihf/sysroot --enable-long-long
Thread model: posix
Supported LTO compression algorithms: zlib
gcc version 11.2.0 (crosstool-NG 1.24.0.489_25f6dae) 
COLLECT_GCC_OPTIONS='-v' '-o' 'CMakeFiles/cmTC_d64cd.dir/CMakeCCompilerABI.c.o' '-c' '-mcpu=cortex-a9' '-mfloat-abi=hard' '-mfpu=neon' '-mtls-dialect=gnu' '-marm' '-mlibarch=armv7-a+mp+sec+simd' '-march=armv7-a+mp+sec+simd' '-dumpdir' 'CMakeFiles/cmTC_d64cd.dir/'
 /home/som3a133/x-tools/arm-cortexa9_neon-linux-musleabihf/libexec/gcc/arm-cortexa9_neon-linux-musleabihf/11.2.0/cc1 -quiet -v /usr/share/cmake-3.22/Modules/CMakeCCompilerABI.c -quiet -dumpdir CMakeFiles/cmTC_d64cd.dir/ -dumpbase CMakeCCompilerABI.c.c -dumpbase-ext .c -mcpu=cortex-a9 -mfloat-abi=hard -mfpu=neon -mtls-dialect=gnu -marm -mlibarch=armv7-a+mp+sec+simd -march=armv7-a+mp+sec+simd -version -o /tmp/ccn8xii4.s
GNU C17 (crosstool-NG 1.24.0.489_25f6dae) version 11.2.0 (arm-cortexa9_neon-linux-musleabihf)
	compiled by GNU C version 11.4.0, GMP version 6.2.1, MPFR version 4.1.0, MPC version 1.2.0, isl version isl-0.24-GMP

GGC heuristics: --param ggc-min-expand=100 --param ggc-min-heapsize=131072
ignoring nonexistent directory "/home/som3a133/x-tools/arm-cortexa9_neon-linux-musleabihf/arm-cortexa9_neon-linux-musleabihf/sysroot/home/som3a133/x-tools/arm-cortexa9_neon-linux-musleabihf/arm-cortexa9_neon-linux-musleabihf/sysroot/include"
#include "..." search starts here:
#include <...> search starts here:
 /home/som3a133/x-tools/arm-cortexa9_neon-linux-musleabihf/lib/gcc/arm-cortexa9_neon-linux-musleabihf/11.2.0/../../../../arm-cortexa9_neon-linux-musleabihf/include
 /home/som3a133/x-tools/arm-cortexa9_neon-linux-musleabihf/arm-cortexa9_neon-linux-musleabihf/sysroot/usr/include
 /home/som3a133/x-tools/arm-cortexa9_neon-linux-musleabihf/lib/gcc/arm-cortexa9_neon-linux-musleabihf/11.2.0/include
End of search list.
GNU C17 (crosstool-NG 1.24.0.489_25f6dae) version 11.2.0 (arm-cortexa9_neon-linux-musleabihf)
	compiled by GNU C version 11.4.0, GMP version 6.2.1, MPFR version 4.1.0, MPC version 1.2.0, isl version isl-0.24-GMP

GGC heuristics: --param ggc-min-expand=100 --param ggc-min-heapsize=131072
Compiler executable checksum: af76b80c9611d7e903f53d8a2d5b4aa3
COLLECT_GCC_OPTIONS='-v' '-o' 'CMakeFiles/cmTC_d64cd.dir/CMakeCCompilerABI.c.o' '-c' '-mcpu=cortex-a9' '-mfloat-abi=hard' '-mfpu=neon' '-mtls-dialect=gnu' '-marm' '-mlibarch=armv7-a+mp+sec+simd' '-march=armv7-a+mp+sec+simd' '-dumpdir' 'CMakeFiles/cmTC_d64cd.dir/'
 /home/som3a133/x-tools/arm-cortexa9_neon-linux-musleabihf/lib/gcc/arm-cortexa9_neon-linux-musleabihf/11.2.0/../../../../arm-cortexa9_neon-linux-musleabihf/bin/as -v -march=armv7-a+mp+sec -mfloat-abi=hard -mfpu=neon -meabi=5 -o CMakeFiles/cmTC_d64cd.dir/CMakeCCompilerABI.c.o /tmp/ccn8xii4.s
GNU assembler version 2.37 (arm-cortexa9_neon-linux-musleabihf) using BFD version (crosstool-NG 1.24.0.489_25f6dae) 2.37
COMPILER_PATH=/home/som3a133/x-tools/arm-cortexa9_neon-linux-musleabihf/libexec/gcc/arm-cortexa9_neon-linux-musleabihf/11.2.0/:/home/som3a133/x-tools/arm-cortexa9_neon-linux-musleabihf/libexec/gcc/arm-cortexa9_neon-linux-musleabihf/11.2.0/:/home/som3a133/x-tools/arm-cortexa9_neon-linux-musleabihf/libexec/gcc/arm-cortexa9_neon-linux-musleabihf/:/home/som3a133/x-tools/arm-cortexa9_neon-linux-musleabihf/lib/gcc/arm-cortexa9_neon-linux-musleabihf/11.2.0/:/home/som3a133/x-tools/arm-cortexa9_neon-linux-musleabihf/lib/gcc/arm-cortexa9_neon-linux-musleabihf/:/home/som3a133/x-tools/arm-cortexa9_neon-linux-musleabihf/lib/gcc/arm-cortexa9_neon-linux-musleabihf/11.2.0/../../../../arm-cortexa9_neon-linux-musleabihf/bin/
LIBRARY_PATH=/home/som3a133/x-tools/arm-cortexa9_neon-linux-musleabihf/lib/gcc/arm-cortexa9_neon-linux-musleabihf/11.2.0/:/home/som3a133/x-tools/arm-cortexa9_neon-linux-musleabihf/lib/gcc/arm-cortexa9_neon-linux-musleabihf/11.2.0/../../../../arm-cortexa9_neon-linux-musleabihf/lib/:/home/som3a133/x-tools/arm-cortexa9_neon-linux-musleabihf/arm-cortexa9_neon-linux-musleabihf/sysroot/lib/:/home/som3a133/x-tools/arm-cortexa9_neon-linux-musleabihf/arm-cortexa9_neon-linux-musleabihf/sysroot/usr/lib/
COLLECT_GCC_OPTIONS='-v' '-o' 'CMakeFiles/cmTC_d64cd.dir/CMakeCCompilerABI.c.o' '-c' '-mcpu=cortex-a9' '-mfloat-abi=hard' '-mfpu=neon' '-mtls-dialect=gnu' '-marm' '-mlibarch=armv7-a+mp+sec+simd' '-march=armv7-a+mp+sec+simd' '-dumpdir' 'CMakeFiles/cmTC_d64cd.dir/CMakeCCompilerABI.c.'
Linking C executable cmTC_d64cd
/usr/bin/cmake -E cmake_link_script CMakeFiles/cmTC_d64cd.dir/link.txt --verbose=1
/home/som3a133/x-tools/arm-cortexa9_neon-linux-musleabihf/bin/arm-cortexa9_neon-linux-musleabihf-gcc  -v CMakeFiles/cmTC_d64cd.dir/CMakeCCompilerABI.c.o -o cmTC_d64cd 
Using built-in specs.
COLLECT_GCC=/home/som3a133/x-tools/arm-cortexa9_neon-linux-musleabihf/bin/arm-cortexa9_neon-linux-musleabihf-gcc
COLLECT_LTO_WRAPPER=/home/som3a133/x-tools/arm-cortexa9_neon-linux-musleabihf/libexec/gcc/arm-cortexa9_neon-linux-musleabihf/11.2.0/lto-wrapper
Target: arm-cortexa9_neon-linux-musleabihf
Configured with: /home/som3a133/Desktop/crosstool-NG/crosstool-ng/.build/arm-cortexa9_neon-linux-musleabihf/src/gcc/configure --build=x86_64-build_pc-linux-gnu --host=x86_64-build_pc-linux-gnu --target=arm-cortexa9_neon-linux-musleabihf --prefix=/home/som3a133/x-tools/arm-cortexa9_neon-linux-musleabihf --exec_prefix=/home/som3a133/x-tools/arm-cortexa9_neon-linux-musleabihf --with-sysroot=/home/som3a133/x-tools/arm-cortexa9_neon-linux-musleabihf/arm-cortexa9_neon-linux-musleabihf/sysroot --enable-languages=c,c++ --with-cpu=cortex-a9 --with-fpu=neon --with-float=hard --with-pkgversion='crosstool-NG 1.24.0.489_25f6dae' --enable-__cxa_atexit --disable-libmudflap --disable-libgomp --disable-libssp --disable-libquadmath --disable-libquadmath-support --disable-libsanitizer --disable-libmpx --with-gmp=/home/som3a133/Desktop/crosstool-NG/crosstool-ng/.build/arm-cortexa9_neon-linux-musleabihf/buildtools --with-mpfr=/home/som3a133/Desktop/crosstool-NG/crosstool-ng/.build/arm-cortexa9_neon-linux-musleabihf/buildtools --with-mpc=/home/som3a133/Desktop/crosstool-NG/crosstool-ng/.build/arm-cortexa9_neon-linux-musleabihf/buildtools --with-isl=/home/som3a133/Desktop/crosstool-NG/crosstool-ng/.build/arm-cortexa9_neon-linux-musleabihf/buildtools --enable-lto --enable-threads=posix --enable-plugin --enable-gold --with-libintl-prefix=/home/som3a133/Desktop/crosstool-NG/crosstool-ng/.build/arm-cortexa9_neon-linux-musleabihf/buildtools --disable-multilib --with-local-prefix=/home/som3a133/x-tools/arm-cortexa9_neon-linux-musleabihf/arm-cortexa9_neon-linux-musleabihf/sysroot --enable-long-long
Thread model: posix
Supported LTO compression algorithms: zlib
gcc version 11.2.0 (crosstool-NG 1.24.0.489_25f6dae) 
COMPILER_PATH=/home/som3a133/x-tools/arm-cortexa9_neon-linux-musleabihf/libexec/gcc/arm-cortexa9_neon-linux-musleabihf/11.2.0/:/home/som3a133/x-tools/arm-cortexa9_neon-linux-musleabihf/libexec/gcc/arm-cortexa9_neon-linux-musleabihf/11.2.0/:/home/som3a133/x-tools/arm-cortexa9_neon-linux-musleabihf/libexec/gcc/arm-cortexa9_neon-linux-musleabihf/:/home/som3a133/x-tools/arm-cortexa9_neon-linux-musleabihf/lib/gcc/arm-cortexa9_neon-linux-musleabihf/11.2.0/:/home/som3a133/x-tools/arm-cortexa9_neon-linux-musleabihf/lib/gcc/arm-cortexa9_neon-linux-musleabihf/:/home/som3a133/x-tools/arm-cortexa9_neon-linux-musleabihf/lib/gcc/arm-cortexa9_neon-linux-musleabihf/11.2.0/../../../../arm-cortexa9_neon-linux-musleabihf/bin/
LIBRARY_PATH=/home/som3a133/x-tools/arm-cortexa9_neon-linux-musleabihf/lib/gcc/arm-cortexa9_neon-linux-musleabihf/11.2.0/:/home/som3a133/x-tools/arm-cortexa9_neon-linux-musleabihf/lib/gcc/arm-cortexa9_neon-linux-musleabihf/11.2.0/../../../../arm-cortexa9_neon-linux-musleabihf/lib/:/home/som3a133/x-tools/arm-cortexa9_neon-linux-musleabihf/arm-cortexa9_neon-linux-musleabihf/sysroot/lib/:/home/som3a133/x-tools/arm-cortexa9_neon-linux-musleabihf/arm-cortexa9_neon-linux-musleabihf/sysroot/usr/lib/
COLLECT_GCC_OPTIONS='-v' '-o' 'cmTC_d64cd' '-mcpu=cortex-a9' '-mfloat-abi=hard' '-mfpu=neon' '-mtls-dialect=gnu' '-marm' '-mlibarch=armv7-a+mp+sec+simd' '-march=armv7-a+mp+sec+simd' '-dumpdir' 'cmTC_d64cd.'
 /home/som3a133/x-tools/arm-cortexa9_neon-linux-musleabihf/libexec/gcc/arm-cortexa9_neon-linux-musleabihf/11.2.0/collect2 -plugin /home/som3a133/x-tools/arm-cortexa9_neon-linux-musleabihf/libexec/gcc/arm-cortexa9_neon-linux-musleabihf/11.2.0/liblto_plugin.so -plugin-opt=/home/som3a133/x-tools/arm-cortexa9_neon-linux-musleabihf/libexec/gcc/arm-cortexa9_neon-linux-musleabihf/11.2.0/lto-wrapper -plugin-opt=-fresolution=/tmp/ccRDGn4O.res -plugin-opt=-pass-through=-lgcc -plugin-opt=-pass-through=-lgcc_s -plugin-opt=-pass-through=-lc -plugin-opt=-pass-through=-lgcc -plugin-opt=-pass-through=-lgcc_s --sysroot=/home/som3a133/x-tools/arm-cortexa9_neon-linux-musleabihf/arm-cortexa9_neon-linux-musleabihf/sysroot --eh-frame-hdr -dynamic-linker /lib/ld-musl-armhf.so.1 -X -m armelf_linux_eabi -o cmTC_d64cd /home/som3a133/x-tools/arm-cortexa9_neon-linux-musleabihf/arm-cortexa9_neon-linux-musleabihf/sysroot/usr/lib/crt1.o /home/som3a133/x-tools/arm-cortexa9_neon-linux-musleabihf/arm-cortexa9_neon-linux-musleabihf/sysroot/usr/lib/crti.o /home/som3a133/x-tools/arm-cortexa9_neon-linux-musleabihf/lib/gcc/arm-cortexa9_neon-linux-musleabihf/11.2.0/crtbegin.o -L/home/som3a133/x-tools/arm-cortexa9_neon-linux-musleabihf/lib/gcc/arm-cortexa9_neon-linux-musleabihf/11.2.0 -L/home/som3a133/x-tools/arm-cortexa9_neon-linux-musleabihf/lib/gcc/arm-cortexa9_neon-linux-musleabihf/11.2.0/../../../../arm-cortexa9_neon-linux-musleabihf/lib -L/home/som3a133/x-tools/arm-cortexa9_neon-linux-musleabihf/arm-cortexa9_neon-linux-musleabihf/sysroot/lib -L/home/som3a133/x-tools/arm-cortexa9_neon-linux-musleabihf/arm-cortexa9_neon-linux-musleabihf/sysroot/usr/lib CMakeFiles/cmTC_d64cd.dir/CMakeCCompilerABI.c.o -lgcc --push-state --as-needed -lgcc_s --pop-state -lc -lgcc --push-state --as-needed -lgcc_s --pop-state /home/som3a133/x-tools/arm-cortexa9_neon-linux-musleabihf/lib/gcc/arm-cortexa9_neon-linux-musleabihf/11.2.0/crtend.o /home/som3a133/x-tools/arm-cortexa9_neon-linux-musleabihf/arm-cortexa9_neon-linux-musleabihf/sysroot/usr/lib/crtn.o
COLLECT_GCC_OPTIONS='-v' '-o' 'cmTC_d64cd' '-mcpu=cortex-a9' '-mfloat-abi=hard' '-mfpu=neon' '-mtls-dialect=gnu' '-marm' '-mlibarch=armv7-a+mp+sec+simd' '-march=armv7-a+mp+sec+simd' '-dumpdir' 'cmTC_d64cd.'
gmake[1]: Leaving directory '/home/som3a133/Desktop/EmbeddedLinux/Qemu/initApp/build/CMakeFiles/CMakeTmp'



Parsed C implicit include dir info from above output: rv=done
  found start of include info
  found start of implicit include info
    add: [/home/som3a133/x-tools/arm-cortexa9_neon-linux-musleabihf/lib/gcc/arm-cortexa9_neon-linux-musleabihf/11.2.0/../../../../arm-cortexa9_neon-linux-musleabihf/include]
    add: [/home/som3a133/x-tools/arm-cortexa9_neon-linux-musleabihf/arm-cortexa9_neon-linux-musleabihf/sysroot/usr/include]
    add: [/home/som3a133/x-tools/arm-cortexa9_neon-linux-musleabihf/lib/gcc/arm-cortexa9_neon-linux-musleabihf/11.2.0/include]
  end of search list found
  collapse include dir [/home/som3a133/x-tools/arm-cortexa9_neon-linux-musleabihf/lib/gcc/arm-cortexa9_neon-linux-musleabihf/11.2.0/../../../../arm-cortexa9_neon-linux-musleabihf/include] ==> [/home/som3a133/x-tools/arm-cortexa9_neon-linux-musleabihf/arm-cortexa9_neon-linux-musleabihf/include]
  collapse include dir [/home/som3a133/x-tools/arm-cortexa9_neon-linux-musleabihf/arm-cortexa9_neon-linux-musleabihf/sysroot/usr/include] ==> [/home/som3a133/x-tools/arm-cortexa9_neon-linux-musleabihf/arm-cortexa9_neon-linux-musleabihf/sysroot/usr/include]
  collapse include dir [/home/som3a133/x-tools/arm-cortexa9_neon-linux-musleabihf/lib/gcc/arm-cortexa9_neon-linux-musleabihf/11.2.0/include] ==> [/home/som3a133/x-tools/arm-cortexa9_neon-linux-musleabihf/lib/gcc/arm-cortexa9_neon-linux-musleabihf/11.2.0/include]
  implicit include dirs: [/home/som3a133/x-tools/arm-cortexa9_neon-linux-musleabihf/arm-cortexa9_neon-linux-musleabihf/include;/home/som3a133/x-tools/arm-cortexa9_neon-linux-musleabihf/arm-cortexa9_neon-linux-musleabihf/sysroot/usr/include;/home/som3a133/x-tools/arm-cortexa9_neon-linux-musleabihf/lib/gcc/arm-cortexa9_neon-linux-musleabihf/11.2.0/include]


Parsed C implicit link information from above output:
  link line regex: [^( *|.*[/\])(arm-cortexa9_neon-linux-musleabihf-ld|CMAKE_LINK_STARTFILE-NOTFOUND|([^/\]+-)?ld|collect2)[^/\]*( |$)]
  ignore line: [Change Dir: /home/som3a133/Desktop/EmbeddedLinux/Qemu/initApp/build/CMakeFiles/CMakeTmp]
  ignore line: []
  ignore line: [Run Build Command(s):/usr/bin/gmake -f Makefile cmTC_d64cd/fast && /usr/bin/gmake  -f CMakeFiles/cmTC_d64cd.dir/build.make CMakeFiles/cmTC_d64cd.dir/build]
  ignore line: [gmake[1]: Entering directory '/home/som3a133/Desktop/EmbeddedLinux/Qemu/initApp/build/CMakeFiles/CMakeTmp']
  ignore line: [Building C object CMakeFiles/cmTC_d64cd.dir/CMakeCCompilerABI.c.o]
  ignore line: [/home/som3a133/x-tools/arm-cortexa9_neon-linux-musleabihf/bin/arm-cortexa9_neon-linux-musleabihf-gcc   -v -o CMakeFiles/cmTC_d64cd.dir/CMakeCCompilerABI.c.o -c /usr/share/cmake-3.22/Modules/CMakeCCompilerABI.c]
  ignore line: [Using built-in specs.]
  ignore line: [COLLECT_GCC=/home/som3a133/x-tools/arm-cortexa9_neon-linux-musleabihf/bin/arm-cortexa9_neon-linux-musleabihf-gcc]
  ignore line: [Target: arm-cortexa9_neon-linux-musleabihf]
  ignore line: [Configured with: /home/som3a133/Desktop/crosstool-NG/crosstool-ng/.build/arm-cortexa9_neon-linux-musleabihf/src/gcc/configure --build=x86_64-build_pc-linux-gnu --host=x86_64-build_pc-linux-gnu --target=arm-cortexa9_neon-linux-musleabihf --prefix=/home/som3a133/x-tools/arm-cortexa9_neon-linux-musleabihf --exec_prefix=/home/som3a133/x-tools/arm-cortexa9_neon-linux-musleabihf --with-sysroot=/home/som3a133/x-tools/arm-cortexa9_neon-linux-musleabihf/arm-cortexa9_neon-linux-musleabihf/sysroot --enable-languages=c c++ --with-cpu=cortex-a9 --with-fpu=neon --with-float=hard --with-pkgversion='crosstool-NG 1.24.0.489_25f6dae' --enable-__cxa_atexit --disable-libmudflap --disable-libgomp --disable-libssp --disable-libquadmath --disable-libquadmath-support --disable-libsanitizer --disable-libmpx --with-gmp=/home/som3a133/Desktop/crosstool-NG/crosstool-ng/.build/arm-cortexa9_neon-linux-musleabihf/buildtools --with-mpfr=/home/som3a133/Desktop/crosstool-NG/crosstool-ng/.build/arm-cortexa9_neon-linux-musleabihf/buildtools --with-mpc=/home/som3a133/Desktop/crosstool-NG/crosstool-ng/.build/arm-cortexa9_neon-linux-musleabihf/buildtools --with-isl=/home/som3a133/Desktop/crosstool-NG/crosstool-ng/.build/arm-cortexa9_neon-linux-musleabihf/buildtools --enable-lto --enable-threads=posix --enable-plugin --enable-gold --with-libintl-prefix=/home/som3a133/Desktop/crosstool-NG/crosstool-ng/.build/arm-cortexa9_neon-linux-musleabihf/buildtools --disable-multilib --with-local-prefix=/home/som3a133/x-tools/arm-cortexa9_neon-linux-musleabihf/arm-cortexa9_neon-linux-musleabihf/sysroot --enable-long-long]
  ignore line: [Thread model: posix]
  ignore line: [Supported LTO compression algorithms: zlib]
  ignore line: [gcc version 11.2.0 (crosstool-NG 1.24.0.489_25f6dae) ]
  ignore line: [COLLECT_GCC_OPTIONS='-v' '-o' 'CMakeFiles/cmTC_d64cd.dir/CMakeCCompilerABI.c.o' '-c' '-mcpu=cortex-a9' '-mfloat-abi=hard' '-mfpu=neon' '-mtls-dialect=gnu' '-marm' '-mlibarch=armv7-a+mp+sec+simd' '-march=armv7-a+mp+sec+simd' '-dumpdir' 'CMakeFiles/cmTC_d64cd.dir/']
  ignore line: [ /home/som3a133/x-tools/arm-cortexa9_neon-linux-musleabihf/libexec/gcc/arm-cortexa9_neon-linux-musleabihf/11.2.0/cc1 -quiet -v /usr/share/cmake-3.22/Modules/CMakeCCompilerABI.c -quiet -dumpdir CMakeFiles/cmTC_d64cd.dir/ -dumpbase CMakeCCompilerABI.c.c -dumpbase-ext .c -mcpu=cortex-a9 -mfloat-abi=hard -mfpu=neon -mtls-dialect=gnu -marm -mlibarch=armv7-a+mp+sec+simd -march=armv7-a+mp+sec+simd -version -o /tmp/ccn8xii4.s]
  ignore line: [GNU C17 (crosstool-NG 1.24.0.489_25f6dae) version 11.2.0 (arm-cortexa9_neon-linux-musleabihf)]
  ignore line: [	compiled by GNU C version 11.4.0  GMP version 6.2.1  MPFR version 4.1.0  MPC version 1.2.0  isl version isl-0.24-GMP]
  ignore line: []
  ignore line: [GGC heuristics: --param ggc-min-expand=100 --param ggc-min-heapsize=131072]
  ignore line: [ignoring nonexistent directory "/home/som3a133/x-tools/arm-cortexa9_neon-linux-musleabihf/arm-cortexa9_neon-linux-musleabihf/sysroot/home/som3a133/x-tools/arm-cortexa9_neon-linux-musleabihf/arm-cortexa9_neon-linux-musleabihf/sysroot/include"]
  ignore line: [#include "..." search starts here:]
  ignore line: [#include <...> search starts here:]
  ignore line: [ /home/som3a133/x-tools/arm-cortexa9_neon-linux-musleabihf/lib/gcc/arm-cortexa9_neon-linux-musleabihf/11.2.0/../../../../arm-cortexa9_neon-linux-musleabihf/include]
  ignore line: [ /home/som3a133/x-tools/arm-cortexa9_neon-linux-musleabihf/arm-cortexa9_neon-linux-musleabihf/sysroot/usr/include]
  ignore line: [ /home/som3a133/x-tools/arm-cortexa9_neon-linux-musleabihf/lib/gcc/arm-cortexa9_neon-linux-musleabihf/11.2.0/include]
  ignore line: [End of search list.]
  ignore line: [GNU C17 (crosstool-NG 1.24.0.489_25f6dae) version 11.2.0 (arm-cortexa9_neon-linux-musleabihf)]
  ignore line: [	compiled by GNU C version 11.4.0  GMP version 6.2.1  MPFR version 4.1.0  MPC version 1.2.0  isl version isl-0.24-GMP]
  ignore line: []
  ignore line: [GGC heuristics: --param ggc-min-expand=100 --param ggc-min-heapsize=131072]
  ignore line: [Compiler executable checksum: af76b80c9611d7e903f53d8a2d5b4aa3]
  ignore line: [COLLECT_GCC_OPTIONS='-v' '-o' 'CMakeFiles/cmTC_d64cd.dir/CMakeCCompilerABI.c.o' '-c' '-mcpu=cortex-a9' '-mfloat-abi=hard' '-mfpu=neon' '-mtls-dialect=gnu' '-marm' '-mlibarch=armv7-a+mp+sec+simd' '-march=armv7-a+mp+sec+simd' '-dumpdir' 'CMakeFiles/cmTC_d64cd.dir/']
  ignore line: [ /home/som3a133/x-tools/arm-cortexa9_neon-linux-musleabihf/lib/gcc/arm-cortexa9_neon-linux-musleabihf/11.2.0/../../../../arm-cortexa9_neon-linux-musleabihf/bin/as -v -march=armv7-a+mp+sec -mfloat-abi=hard -mfpu=neon -meabi=5 -o CMakeFiles/cmTC_d64cd.dir/CMakeCCompilerABI.c.o /tmp/ccn8xii4.s]
  ignore line: [GNU assembler version 2.37 (arm-cortexa9_neon-linux-musleabihf) using BFD version (crosstool-NG 1.24.0.489_25f6dae) 2.37]
  ignore line: [COMPILER_PATH=/home/som3a133/x-tools/arm-cortexa9_neon-linux-musleabihf/libexec/gcc/arm-cortexa9_neon-linux-musleabihf/11.2.0/:/home/som3a133/x-tools/arm-cortexa9_neon-linux-musleabihf/libexec/gcc/arm-cortexa9_neon-linux-musleabihf/11.2.0/:/home/som3a133/x-tools/arm-cortexa9_neon-linux-musleabihf/libexec/gcc/arm-cortexa9_neon-linux-musleabihf/:/home/som3a133/x-tools/arm-cortexa9_neon-linux-musleabihf/lib/gcc/arm-cortexa9_neon-linux-musleabihf/11.2.0/:/home/som3a133/x-tools/arm-cortexa9_neon-linux-musleabihf/lib/gcc/arm-cortexa9_neon-linux-musleabihf/:/home/som3a133/x-tools/arm-cortexa9_neon-linux-musleabihf/lib/gcc/arm-cortexa9_neon-linux-musleabihf/11.2.0/../../../../arm-cortexa9_neon-linux-musleabihf/bin/]
  ignore line: [LIBRARY_PATH=/home/som3a133/x-tools/arm-cortexa9_neon-linux-musleabihf/lib/gcc/arm-cortexa9_neon-linux-musleabihf/11.2.0/:/home/som3a133/x-tools/arm-cortexa9_neon-linux-musleabihf/lib/gcc/arm-cortexa9_neon-linux-musleabihf/11.2.0/../../../../arm-cortexa9_neon-linux-musleabihf/lib/:/home/som3a133/x-tools/arm-cortexa9_neon-linux-musleabihf/arm-cortexa9_neon-linux-musleabihf/sysroot/lib/:/home/som3a133/x-tools/arm-cortexa9_neon-linux-musleabihf/arm-cortexa9_neon-linux-musleabihf/sysroot/usr/lib/]
  ignore line: [COLLECT_GCC_OPTIONS='-v' '-o' 'CMakeFiles/cmTC_d64cd.dir/CMakeCCompilerABI.c.o' '-c' '-mcpu=cortex-a9' '-mfloat-abi=hard' '-mfpu=neon' '-mtls-dialect=gnu' '-marm' '-mlibarch=armv7-a+mp+sec+simd' '-march=armv7-a+mp+sec+simd' '-dumpdir' 'CMakeFiles/cmTC_d64cd.dir/CMakeCCompilerABI.c.']
  ignore line: [Linking C executable cmTC_d64cd]
  ignore line: [/usr/bin/cmake -E cmake_link_script CMakeFiles/cmTC_d64cd.dir/link.txt --verbose=1]
  ignore line: [/home/som3a133/x-tools/arm-cortexa9_neon-linux-musleabihf/bin/arm-cortexa9_neon-linux-musleabihf-gcc  -v CMakeFiles/cmTC_d64cd.dir/CMakeCCompilerABI.c.o -o cmTC_d64cd ]
  ignore line: [Using built-in specs.]
  ignore line: [COLLECT_GCC=/home/som3a133/x-tools/arm-cortexa9_neon-linux-musleabihf/bin/arm-cortexa9_neon-linux-musleabihf-gcc]
  ignore line: [COLLECT_LTO_WRAPPER=/home/som3a133/x-tools/arm-cortexa9_neon-linux-musleabihf/libexec/gcc/arm-cortexa9_neon-linux-musleabihf/11.2.0/lto-wrapper]
  ignore line: [Target: arm-cortexa9_neon-linux-musleabihf]
  ignore line: [Configured with: /home/som3a133/Desktop/crosstool-NG/crosstool-ng/.build/arm-cortexa9_neon-linux-musleabihf/src/gcc/configure --build=x86_64-build_pc-linux-gnu --host=x86_64-build_pc-linux-gnu --target=arm-cortexa9_neon-linux-musleabihf --prefix=/home/som3a133/x-tools/arm-cortexa9_neon-linux-musleabihf --exec_prefix=/home/som3a133/x-tools/arm-cortexa9_neon-linux-musleabihf --with-sysroot=/home/som3a133/x-tools/arm-cortexa9_neon-linux-musleabihf/arm-cortexa9_neon-linux-musleabihf/sysroot --enable-languages=c c++ --with-cpu=cortex-a9 --with-fpu=neon --with-float=hard --with-pkgversion='crosstool-NG 1.24.0.489_25f6dae' --enable-__cxa_atexit --disable-libmudflap --disable-libgomp --disable-libssp --disable-libquadmath --disable-libquadmath-support --disable-libsanitizer --disable-libmpx --with-gmp=/home/som3a133/Desktop/crosstool-NG/crosstool-ng/.build/arm-cortexa9_neon-linux-musleabihf/buildtools --with-mpfr=/home/som3a133/Desktop/crosstool-NG/crosstool-ng/.build/arm-cortexa9_neon-linux-musleabihf/buildtools --with-mpc=/home/som3a133/Desktop/crosstool-NG/crosstool-ng/.build/arm-cortexa9_neon-linux-musleabihf/buildtools --with-isl=/home/som3a133/Desktop/crosstool-NG/crosstool-ng/.build/arm-cortexa9_neon-linux-musleabihf/buildtools --enable-lto --enable-threads=posix --enable-plugin --enable-gold --with-libintl-prefix=/home/som3a133/Desktop/crosstool-NG/crosstool-ng/.build/arm-cortexa9_neon-linux-musleabihf/buildtools --disable-multilib --with-local-prefix=/home/som3a133/x-tools/arm-cortexa9_neon-linux-musleabihf/arm-cortexa9_neon-linux-musleabihf/sysroot --enable-long-long]
  ignore line: [Thread model: posix]
  ignore line: [Supported LTO compression algorithms: zlib]
  ignore line: [gcc version 11.2.0 (crosstool-NG 1.24.0.489_25f6dae) ]
  ignore line: [COMPILER_PATH=/home/som3a133/x-tools/arm-cortexa9_neon-linux-musleabihf/libexec/gcc/arm-cortexa9_neon-linux-musleabihf/11.2.0/:/home/som3a133/x-tools/arm-cortexa9_neon-linux-musleabihf/libexec/gcc/arm-cortexa9_neon-linux-musleabihf/11.2.0/:/home/som3a133/x-tools/arm-cortexa9_neon-linux-musleabihf/libexec/gcc/arm-cortexa9_neon-linux-musleabihf/:/home/som3a133/x-tools/arm-cortexa9_neon-linux-musleabihf/lib/gcc/arm-cortexa9_neon-linux-musleabihf/11.2.0/:/home/som3a133/x-tools/arm-cortexa9_neon-linux-musleabihf/lib/gcc/arm-cortexa9_neon-linux-musleabihf/:/home/som3a133/x-tools/arm-cortexa9_neon-linux-musleabihf/lib/gcc/arm-cortexa9_neon-linux-musleabihf/11.2.0/../../../../arm-cortexa9_neon-linux-musleabihf/bin/]
  ignore line: [LIBRARY_PATH=/home/som3a133/x-tools/arm-cortexa9_neon-linux-musleabihf/lib/gcc/arm-cortexa9_neon-linux-musleabihf/11.2.0/:/home/som3a133/x-tools/arm-cortexa9_neon-linux-musleabihf/lib/gcc/arm-cortexa9_neon-linux-musleabihf/11.2.0/../../../../arm-cortexa9_neon-linux-musleabihf/lib/:/home/som3a133/x-tools/arm-cortexa9_neon-linux-musleabihf/arm-cortexa9_neon-linux-musleabihf/sysroot/lib/:/home/som3a133/x-tools/arm-cortexa9_neon-linux-musleabihf/arm-cortexa9_neon-linux-musleabihf/sysroot/usr/lib/]
  ignore line: [COLLECT_GCC_OPTIONS='-v' '-o' 'cmTC_d64cd' '-mcpu=cortex-a9' '-mfloat-abi=hard' '-mfpu=neon' '-mtls-dialect=gnu' '-marm' '-mlibarch=armv7-a+mp+sec+simd' '-march=armv7-a+mp+sec+simd' '-dumpdir' 'cmTC_d64cd.']
  link line: [ /home/som3a133/x-tools/arm-cortexa9_neon-linux-musleabihf/libexec/gcc/arm-cortexa9_neon-linux-musleabihf/11.2.0/collect2 -plugin /home/som3a133/x-tools/arm-cortexa9_neon-linux-musleabihf/libexec/gcc/arm-cortexa9_neon-linux-musleabihf/11.2.0/liblto_plugin.so -plugin-opt=/home/som3a133/x-tools/arm-cortexa9_neon-linux-musleabihf/libexec/gcc/arm-cortexa9_neon-linux-musleabihf/11.2.0/lto-wrapper -plugin-opt=-fresolution=/tmp/ccRDGn4O.res -plugin-opt=-pass-through=-lgcc -plugin-opt=-pass-through=-lgcc_s -plugin-opt=-pass-through=-lc -plugin-opt=-pass-through=-lgcc -plugin-opt=-pass-through=-lgcc_s --sysroot=/home/som3a133/x-tools/arm-cortexa9_neon-linux-musleabihf/arm-cortexa9_neon-linux-musleabihf/sysroot --eh-frame-hdr -dynamic-linker /lib/ld-musl-armhf.so.1 -X -m armelf_linux_eabi -o cmTC_d64cd /home/som3a133/x-tools/arm-cortexa9_neon-linux-musleabihf/arm-cortexa9_neon-linux-musleabihf/sysroot/usr/lib/crt1.o /home/som3a133/x-tools/arm-cortexa9_neon-linux-musleabihf/arm-cortexa9_neon-linux-musleabihf/sysroot/usr/lib/crti.o /home/som3a133/x-tools/arm-cortexa9_neon-linux-musleabihf/lib/gcc/arm-cortexa9_neon-linux-musleabihf/11.2.0/crtbegin.o -L/home/som3a133/x-tools/arm-cortexa9_neon-linux-musleabihf/lib/gcc/arm-cortexa9_neon-linux-musleabihf/11.2.0 -L/home/som3a133/x-tools/arm-cortexa9_neon-linux-musleabihf/lib/gcc/arm-cortexa9_neon-linux-musleabihf/11.2.0/../../../../arm-cortexa9_neon-linux-musleabihf/lib -L/home/som3a133/x-tools/arm-cortexa9_neon-linux-musleabihf/arm-cortexa9_neon-linux-musleabihf/sysroot/lib -L/home/som3a133/x-tools/arm-cortexa9_neon-linux-musleabihf/arm-cortexa9_neon-linux-musleabihf/sysroot/usr/lib CMakeFiles/cmTC_d64cd.dir/CMakeCCompilerABI.c.o -lgcc --push-state --as-needed -lgcc_s --pop-state -lc -lgcc --push-state --as-needed -lgcc_s --pop-state /home/som3a133/x-tools/arm-cortexa9_neon-linux-musleabihf/lib/gcc/arm-cortexa9_neon-linux-musleabihf/11.2.0/crtend.o /home/som3a133/x-tools/arm-cortexa9_neon-linux-musleabihf/arm-cortexa9_neon-linux-musleabihf/sysroot/usr/lib/crtn.o]
    arg [/home/som3a133/x-tools/arm-cortexa9_neon-linux-musleabihf/libexec/gcc/arm-cortexa9_neon-linux-musleabihf/11.2.0/collect2] ==> ignore
    arg [-plugin] ==> ignore
    arg [/home/som3a133/x-tools/arm-cortexa9_neon-linux-musleabihf/libexec/gcc/arm-cortexa9_neon-linux-musleabihf/11.2.0/liblto_plugin.so] ==> ignore
    arg [-plugin-opt=/home/som3a133/x-tools/arm-cortexa9_neon-linux-musleabihf/libexec/gcc/arm-cortexa9_neon-linux-musleabihf/11.2.0/lto-wrapper] ==> ignore
    arg [-plugin-opt=-fresolution=/tmp/ccRDGn4O.res] ==> ignore
    arg [-plugin-opt=-pass-through=-lgcc] ==> ignore
    arg [-plugin-opt=-pass-through=-lgcc_s] ==> ignore
    arg [-plugin-opt=-pass-through=-lc] ==> ignore
    arg [-plugin-opt=-pass-through=-lgcc] ==> ignore
    arg [-plugin-opt=-pass-through=-lgcc_s] ==> ignore
    arg [--sysroot=/home/som3a133/x-tools/arm-cortexa9_neon-linux-musleabihf/arm-cortexa9_neon-linux-musleabihf/sysroot] ==> ignore
    arg [--eh-frame-hdr] ==> ignore
    arg [-dynamic-linker] ==> ignore
    arg [/lib/ld-musl-armhf.so.1] ==> ignore
    arg [-X] ==> ignore
    arg [-m] ==> ignore
    arg [armelf_linux_eabi] ==> ignore
    arg [-o] ==> ignore
    arg [cmTC_d64cd] ==> ignore
    arg [/home/som3a133/x-tools/arm-cortexa9_neon-linux-musleabihf/arm-cortexa9_neon-linux-musleabihf/sysroot/usr/lib/crt1.o] ==> obj [/home/som3a133/x-tools/arm-cortexa9_neon-linux-musleabihf/arm-cortexa9_neon-linux-musleabihf/sysroot/usr/lib/crt1.o]
    arg [/home/som3a133/x-tools/arm-cortexa9_neon-linux-musleabihf/arm-cortexa9_neon-linux-musleabihf/sysroot/usr/lib/crti.o] ==> obj [/home/som3a133/x-tools/arm-cortexa9_neon-linux-musleabihf/arm-cortexa9_neon-linux-musleabihf/sysroot/usr/lib/crti.o]
    arg [/home/som3a133/x-tools/arm-cortexa9_neon-linux-musleabihf/lib/gcc/arm-cortexa9_neon-linux-musleabihf/11.2.0/crtbegin.o] ==> obj [/home/som3a133/x-tools/arm-cortexa9_neon-linux-musleabihf/lib/gcc/arm-cortexa9_neon-linux-musleabihf/11.2.0/crtbegin.o]
    arg [-L/home/som3a133/x-tools/arm-cortexa9_neon-linux-musleabihf/lib/gcc/arm-cortexa9_neon-linux-musleabihf/11.2.0] ==> dir [/home/som3a133/x-tools/arm-cortexa9_neon-linux-musleabihf/lib/gcc/arm-cortexa9_neon-linux-musleabihf/11.2.0]
    arg [-L/home/som3a133/x-tools/arm-cortexa9_neon-linux-musleabihf/lib/gcc/arm-cortexa9_neon-linux-musleabihf/11.2.0/../../../../arm-cortexa9_neon-linux-musleabihf/lib] ==> dir [/home/som3a133/x-tools/arm-cortexa9_neon-linux-musleabihf/lib/gcc/arm-cortexa9_neon-linux-musleabihf/11.2.0/../../../../arm-cortexa9_neon-linux-musleabihf/lib]
    arg [-L/home/som3a133/x-tools/arm-cortexa9_neon-linux-musleabihf/arm-cortexa9_neon-linux-musleabihf/sysroot/lib] ==> dir [/home/som3a133/x-tools/arm-cortexa9_neon-linux-musleabihf/arm-cortexa9_neon-linux-musleabihf/sysroot/lib]
    arg [-L/home/som3a133/x-tools/arm-cortexa9_neon-linux-musleabihf/arm-cortexa9_neon-linux-musleabihf/sysroot/usr/lib] ==> dir [/home/som3a133/x-tools/arm-cortexa9_neon-linux-musleabihf/arm-cortexa9_neon-linux-musleabihf/sysroot/usr/lib]
    arg [CMakeFiles/cmTC_d64cd.dir/CMakeCCompilerABI.c.o] ==> ignore
    arg [-lgcc] ==> lib [gcc]
    arg [--push-state] ==> ignore
    arg [--as-needed] ==> ignore
    arg [-lgcc_s] ==> lib [gcc_s]
    arg [--pop-state] ==> ignore
    arg [-lc] ==> lib [c]
    arg [-lgcc] ==> lib [gcc]
    arg [--push-state] ==> ignore
    arg [--as-needed] ==> ignore
    arg [-lgcc_s] ==> lib [gcc_s]
    arg [--pop-state] ==> ignore
    arg [/home/som3a133/x-tools/arm-cortexa9_neon-linux-musleabihf/lib/gcc/arm-cortexa9_neon-linux-musleabihf/11.2.0/crtend.o] ==> obj [/home/som3a133/x-tools/arm-cortexa9_neon-linux-musleabihf/lib/gcc/arm-cortexa9_neon-linux-musleabihf/11.2.0/crtend.o]
    arg [/home/som3a133/x-tools/arm-cortexa9_neon-linux-musleabihf/arm-cortexa9_neon-linux-musleabihf/sysroot/usr/lib/crtn.o] ==> obj [/home/som3a133/x-tools/arm-cortexa9_neon-linux-musleabihf/arm-cortexa9_neon-linux-musleabihf/sysroot/usr/lib/crtn.o]
  collapse library dir [/home/som3a133/x-tools/arm-cortexa9_neon-linux-musleabihf/lib/gcc/arm-cortexa9_neon-linux-musleabihf/11.2.0] ==> [/home/som3a133/x-tools/arm-cortexa9_neon-linux-musleabihf/lib/gcc/arm-cortexa9_neon-linux-musleabihf/11.2.0]
  collapse library dir [/home/som3a133/x-tools/arm-cortexa9_neon-linux-musleabihf/lib/gcc/arm-cortexa9_neon-linux-musleabihf/11.2.0/../../../../arm-cortexa9_neon-linux-musleabihf/lib] ==> [/home/som3a133/x-tools/arm-cortexa9_neon-linux-musleabihf/arm-cortexa9_neon-linux-musleabihf/lib]
  collapse library dir [/home/som3a133/x-tools/arm-cortexa9_neon-linux-musleabihf/arm-cortexa9_neon-linux-musleabihf/sysroot/lib] ==> [/home/som3a133/x-tools/arm-cortexa9_neon-linux-musleabihf/arm-cortexa9_neon-linux-musleabihf/sysroot/lib]
  collapse library dir [/home/som3a133/x-tools/arm-cortexa9_neon-linux-musleabihf/arm-cortexa9_neon-linux-musleabihf/sysroot/usr/lib] ==> [/home/som3a133/x-tools/arm-cortexa9_neon-linux-musleabihf/arm-cortexa9_neon-linux-musleabihf/sysroot/usr/lib]
  implicit libs: [gcc;gcc_s;c;gcc;gcc_s]
  implicit objs: [/home/som3a133/x-tools/arm-cortexa9_neon-linux-musleabihf/arm-cortexa9_neon-linux-musleabihf/sysroot/usr/lib/crt1.o;/home/som3a133/x-tools/arm-cortexa9_neon-linux-musleabihf/arm-cortexa9_neon-linux-musleabihf/sysroot/usr/lib/crti.o;/home/som3a133/x-tools/arm-cortexa9_neon-linux-musleabihf/lib/gcc/arm-cortexa9_neon-linux-musleabihf/11.2.0/crtbegin.o;/home/som3a133/x-tools/arm-cortexa9_neon-linux-musleabihf/lib/gcc/arm-cortexa9_neon-linux-musleabihf/11.2.0/crtend.o;/home/som3a133/x-tools/arm-cortexa9_neon-linux-musleabihf/arm-cortexa9_neon-linux-musleabihf/sysroot/usr/lib/crtn.o]
  implicit dirs: [/home/som3a133/x-tools/arm-cortexa9_neon-linux-musleabihf/lib/gcc/arm-cortexa9_neon-linux-musleabihf/11.2.0;/home/som3a133/x-tools/arm-cortexa9_neon-linux-musleabihf/arm-cortexa9_neon-linux-musleabihf/lib;/home/som3a133/x-tools/arm-cortexa9_neon-linux-musleabihf/arm-cortexa9_neon-linux-musleabihf/sysroot/lib;/home/som3a133/x-tools/arm-cortexa9_neon-linux-musleabihf/arm-cortexa9_neon-linux-musleabihf/sysroot/usr/lib]
  implicit fwks: []


Detecting CXX compiler ABI info compiled with the following output:
Change Dir: /home/som3a133/Desktop/EmbeddedLinux/Qemu/initApp/build/CMakeFiles/CMakeTmp

Run Build Command(s):/usr/bin/gmake -f Makefile cmTC_930a8/fast && /usr/bin/gmake  -f CMakeFiles/cmTC_930a8.dir/build.make CMakeFiles/cmTC_930a8.dir/build
gmake[1]: Entering directory '/home/som3a133/Desktop/EmbeddedLinux/Qemu/initApp/build/CMakeFiles/CMakeTmp'
Building CXX object CMakeFiles/cmTC_930a8.dir/CMakeCXXCompilerABI.cpp.o
/home/som3a133/x-tools/arm-cortexa9_neon-linux-musleabihf/bin/arm-cortexa9_neon-linux-musleabihf-g++   -v -o CMakeFiles/cmTC_930a8.dir/CMakeCXXCompilerABI.cpp.o -c /usr/share/cmake-3.22/Modules/CMakeCXXCompilerABI.cpp
Using built-in specs.
COLLECT_GCC=/home/som3a133/x-tools/arm-cortexa9_neon-linux-musleabihf/bin/arm-cortexa9_neon-linux-musleabihf-g++
Target: arm-cortexa9_neon-linux-musleabihf
Configured with: /home/som3a133/Desktop/crosstool-NG/crosstool-ng/.build/arm-cortexa9_neon-linux-musleabihf/src/gcc/configure --build=x86_64-build_pc-linux-gnu --host=x86_64-build_pc-linux-gnu --target=arm-cortexa9_neon-linux-musleabihf --prefix=/home/som3a133/x-tools/arm-cortexa9_neon-linux-musleabihf --exec_prefix=/home/som3a133/x-tools/arm-cortexa9_neon-linux-musleabihf --with-sysroot=/home/som3a133/x-tools/arm-cortexa9_neon-linux-musleabihf/arm-cortexa9_neon-linux-musleabihf/sysroot --enable-languages=c,c++ --with-cpu=cortex-a9 --with-fpu=neon --with-float=hard --with-pkgversion='crosstool-NG 1.24.0.489_25f6dae' --enable-__cxa_atexit --disable-libmudflap --disable-libgomp --disable-libssp --disable-libquadmath --disable-libquadmath-support --disable-libsanitizer --disable-libmpx --with-gmp=/home/som3a133/Desktop/crosstool-NG/crosstool-ng/.build/arm-cortexa9_neon-linux-musleabihf/buildtools --with-mpfr=/home/som3a133/Desktop/crosstool-NG/crosstool-ng/.build/arm-cortexa9_neon-linux-musleabihf/buildtools --with-mpc=/home/som3a133/Desktop/crosstool-NG/crosstool-ng/.build/arm-cortexa9_neon-linux-musleabihf/buildtools --with-isl=/home/som3a133/Desktop/crosstool-NG/crosstool-ng/.build/arm-cortexa9_neon-linux-musleabihf/buildtools --enable-lto --enable-threads=posix --enable-plugin --enable-gold --with-libintl-prefix=/home/som3a133/Desktop/crosstool-NG/crosstool-ng/.build/arm-cortexa9_neon-linux-musleabihf/buildtools --disable-multilib --with-local-prefix=/home/som3a133/x-tools/arm-cortexa9_neon-linux-musleabihf/arm-cortexa9_neon-linux-musleabihf/sysroot --enable-long-long
Thread model: posix
Supported LTO compression algorithms: zlib
gcc version 11.2.0 (crosstool-NG 1.24.0.489_25f6dae) 
COLLECT_GCC_OPTIONS='-v' '-o' 'CMakeFiles/cmTC_930a8.dir/CMakeCXXCompilerABI.cpp.o' '-c' '-shared-libgcc' '-mcpu=cortex-a9' '-mfloat-abi=hard' '-mfpu=neon' '-mtls-dialect=gnu' '-marm' '-mlibarch=armv7-a+mp+sec+simd' '-march=armv7-a+mp+sec+simd' '-dumpdir' 'CMakeFiles/cmTC_930a8.dir/'
 /home/som3a133/x-tools/arm-cortexa9_neon-linux-musleabihf/libexec/gcc/arm-cortexa9_neon-linux-musleabihf/11.2.0/cc1plus -quiet -v -D_GNU_SOURCE /usr/share/cmake-3.22/Modules/CMakeCXXCompilerABI.cpp -quiet -dumpdir CMakeFiles/cmTC_930a8.dir/ -dumpbase CMakeCXXCompilerABI.cpp.cpp -dumpbase-ext .cpp -mcpu=cortex-a9 -mfloat-abi=hard -mfpu=neon -mtls-dialect=gnu -marm -mlibarch=armv7-a+mp+sec+simd -march=armv7-a+mp+sec+simd -version -o /tmp/ccUYdCgP.s
GNU C++17 (crosstool-NG 1.24.0.489_25f6dae) version 11.2.0 (arm-cortexa9_neon-linux-musleabihf)
	compiled by GNU C version 11.4.0, GMP version 6.2.1, MPFR version 4.1.0, MPC version 1.2.0, isl version isl-0.24-GMP

GGC heuristics: --param ggc-min-expand=100 --param ggc-min-heapsize=131072
ignoring nonexistent directory "/home/som3a133/x-tools/arm-cortexa9_neon-linux-musleabihf/arm-cortexa9_neon-linux-musleabihf/sysroot/home/som3a133/x-tools/arm-cortexa9_neon-linux-musleabihf/arm-cortexa9_neon-linux-musleabihf/sysroot/include"
#include "..." search starts here:
#include <...> search starts here:
 /home/som3a133/x-tools/arm-cortexa9_neon-linux-musleabihf/lib/gcc/arm-cortexa9_neon-linux-musleabihf/11.2.0/../../../../arm-cortexa9_neon-linux-musleabihf/include/c++/11.2.0
 /home/som3a133/x-tools/arm-cortexa9_neon-linux-musleabihf/lib/gcc/arm-cortexa9_neon-linux-musleabihf/11.2.0/../../../../arm-cortexa9_neon-linux-musleabihf/include/c++/11.2.0/arm-cortexa9_neon-linux-musleabihf
 /home/som3a133/x-tools/arm-cortexa9_neon-linux-musleabihf/lib/gcc/arm-cortexa9_neon-linux-musleabihf/11.2.0/../../../../arm-cortexa9_neon-linux-musleabihf/include/c++/11.2.0/backward
 /home/som3a133/x-tools/arm-cortexa9_neon-linux-musleabihf/lib/gcc/arm-cortexa9_neon-linux-musleabihf/11.2.0/../../../../arm-cortexa9_neon-linux-musleabihf/include
 /home/som3a133/x-tools/arm-cortexa9_neon-linux-musleabihf/arm-cortexa9_neon-linux-musleabihf/sysroot/usr/include
 /home/som3a133/x-tools/arm-cortexa9_neon-linux-musleabihf/lib/gcc/arm-cortexa9_neon-linux-musleabihf/11.2.0/include
End of search list.
GNU C++17 (crosstool-NG 1.24.0.489_25f6dae) version 11.2.0 (arm-cortexa9_neon-linux-musleabihf)
	compiled by GNU C version 11.4.0, GMP version 6.2.1, MPFR version 4.1.0, MPC version 1.2.0, isl version isl-0.24-GMP

GGC heuristics: --param ggc-min-expand=100 --param ggc-min-heapsize=131072
Compiler executable checksum: deff7b43eb861d2b615eb43dd80e6825
COLLECT_GCC_OPTIONS='-v' '-o' 'CMakeFiles/cmTC_930a8.dir/CMakeCXXCompilerABI.cpp.o' '-c' '-shared-libgcc' '-mcpu=cortex-a9' '-mfloat-abi=hard' '-mfpu=neon' '-mtls-dialect=gnu' '-marm' '-mlibarch=armv7-a+mp+sec+simd' '-march=armv7-a+mp+sec+simd' '-dumpdir' 'CMakeFiles/cmTC_930a8.dir/'
 /home/som3a133/x-tools/arm-cortexa9_neon-linux-musleabihf/lib/gcc/arm-cortexa9_neon-linux-musleabihf/11.2.0/../../../../arm-cortexa9_neon-linux-musleabihf/bin/as -v -march=armv7-a+mp+sec -mfloat-abi=hard -mfpu=neon -meabi=5 -o CMakeFiles/cmTC_930a8.dir/CMakeCXXCompilerABI.cpp.o /tmp/ccUYdCgP.s
GNU assembler version 2.37 (arm-cortexa9_neon-linux-musleabihf) using BFD version (crosstool-NG 1.24.0.489_25f6dae) 2.37
COMPILER_PATH=/home/som3a133/x-tools/arm-cortexa9_neon-linux-musleabihf/libexec/gcc/arm-cortexa9_neon-linux-musleabihf/11.2.0/:/home/som3a133/x-tools/arm-cortexa9_neon-linux-musleabihf/libexec/gcc/arm-cortexa9_neon-linux-musleabihf/11.2.0/:/home/som3a133/x-tools/arm-cortexa9_neon-linux-musleabihf/libexec/gcc/arm-cortexa9_neon-linux-musleabihf/:/home/som3a133/x-tools/arm-cortexa9_neon-linux-musleabihf/lib/gcc/arm-cortexa9_neon-linux-musleabihf/11.2.0/:/home/som3a133/x-tools/arm-cortexa9_neon-linux-musleabihf/lib/gcc/arm-cortexa9_neon-linux-musleabihf/:/home/som3a133/x-tools/arm-cortexa9_neon-linux-musleabihf/lib/gcc/arm-cortexa9_neon-linux-musleabihf/11.2.0/../../../../arm-cortexa9_neon-linux-musleabihf/bin/
LIBRARY_PATH=/home/som3a133/x-tools/arm-cortexa9_neon-linux-musleabihf/lib/gcc/arm-cortexa9_neon-linux-musleabihf/11.2.0/:/home/som3a133/x-tools/arm-cortexa9_neon-linux-musleabihf/lib/gcc/arm-cortexa9_neon-linux-musleabihf/11.2.0/../../../../arm-cortexa9_neon-linux-musleabihf/lib/:/home/som3a133/x-tools/arm-cortexa9_neon-linux-musleabihf/arm-cortexa9_neon-linux-musleabihf/sysroot/lib/:/home/som3a133/x-tools/arm-cortexa9_neon-linux-musleabihf/arm-cortexa9_neon-linux-musleabihf/sysroot/usr/lib/
COLLECT_GCC_OPTIONS='-v' '-o' 'CMakeFiles/cmTC_930a8.dir/CMakeCXXCompilerABI.cpp.o' '-c' '-shared-libgcc' '-mcpu=cortex-a9' '-mfloat-abi=hard' '-mfpu=neon' '-mtls-dialect=gnu' '-marm' '-mlibarch=armv7-a+mp+sec+simd' '-march=armv7-a+mp+sec+simd' '-dumpdir' 'CMakeFiles/cmTC_930a8.dir/CMakeCXXCompilerABI.cpp.'
Linking CXX executable cmTC_930a8
/usr/bin/cmake -E cmake_link_script CMakeFiles/cmTC_930a8.dir/link.txt --verbose=1
/home/som3a133/x-tools/arm-cortexa9_neon-linux-musleabihf/bin/arm-cortexa9_neon-linux-musleabihf-g++  -v CMakeFiles/cmTC_930a8.dir/CMakeCXXCompilerABI.cpp.o -o cmTC_930a8 
Using built-in specs.
COLLECT_GCC=/home/som3a133/x-tools/arm-cortexa9_neon-linux-musleabihf/bin/arm-cortexa9_neon-linux-musleabihf-g++
COLLECT_LTO_WRAPPER=/home/som3a133/x-tools/arm-cortexa9_neon-linux-musleabihf/libexec/gcc/arm-cortexa9_neon-linux-musleabihf/11.2.0/lto-wrapper
Target: arm-cortexa9_neon-linux-musleabihf
Configured with: /home/som3a133/Desktop/crosstool-NG/crosstool-ng/.build/arm-cortexa9_neon-linux-musleabihf/src/gcc/configure --build=x86_64-build_pc-linux-gnu --host=x86_64-build_pc-linux-gnu --target=arm-cortexa9_neon-linux-musleabihf --prefix=/home/som3a133/x-tools/arm-cortexa9_neon-linux-musleabihf --exec_prefix=/home/som3a133/x-tools/arm-cortexa9_neon-linux-musleabihf --with-sysroot=/home/som3a133/x-tools/arm-cortexa9_neon-linux-musleabihf/arm-cortexa9_neon-linux-musleabihf/sysroot --enable-languages=c,c++ --with-cpu=cortex-a9 --with-fpu=neon --with-float=hard --with-pkgversion='crosstool-NG 1.24.0.489_25f6dae' --enable-__cxa_atexit --disable-libmudflap --disable-libgomp --disable-libssp --disable-libquadmath --disable-libquadmath-support --disable-libsanitizer --disable-libmpx --with-gmp=/home/som3a133/Desktop/crosstool-NG/crosstool-ng/.build/arm-cortexa9_neon-linux-musleabihf/buildtools --with-mpfr=/home/som3a133/Desktop/crosstool-NG/crosstool-ng/.build/arm-cortexa9_neon-linux-musleabihf/buildtools --with-mpc=/home/som3a133/Desktop/crosstool-NG/crosstool-ng/.build/arm-cortexa9_neon-linux-musleabihf/buildtools --with-isl=/home/som3a133/Desktop/crosstool-NG/crosstool-ng/.build/arm-cortexa9_neon-linux-musleabihf/buildtools --enable-lto --enable-threads=posix --enable-plugin --enable-gold --with-libintl-prefix=/home/som3a133/Desktop/crosstool-NG/crosstool-ng/.build/arm-cortexa9_neon-linux-musleabihf/buildtools --disable-multilib --with-local-prefix=/home/som3a133/x-tools/arm-cortexa9_neon-linux-musleabihf/arm-cortexa9_neon-linux-musleabihf/sysroot --enable-long-long
Thread model: posix
Supported LTO compression algorithms: zlib
gcc version 11.2.0 (crosstool-NG 1.24.0.489_25f6dae) 
COMPILER_PATH=/home/som3a133/x-tools/arm-cortexa9_neon-linux-musleabihf/libexec/gcc/arm-cortexa9_neon-linux-musleabihf/11.2.0/:/home/som3a133/x-tools/arm-cortexa9_neon-linux-musleabihf/libexec/gcc/arm-cortexa9_neon-linux-musleabihf/11.2.0/:/home/som3a133/x-tools/arm-cortexa9_neon-linux-musleabihf/libexec/gcc/arm-cortexa9_neon-linux-musleabihf/:/home/som3a133/x-tools/arm-cortexa9_neon-linux-musleabihf/lib/gcc/arm-cortexa9_neon-linux-musleabihf/11.2.0/:/home/som3a133/x-tools/arm-cortexa9_neon-linux-musleabihf/lib/gcc/arm-cortexa9_neon-linux-musleabihf/:/home/som3a133/x-tools/arm-cortexa9_neon-linux-musleabihf/lib/gcc/arm-cortexa9_neon-linux-musleabihf/11.2.0/../../../../arm-cortexa9_neon-linux-musleabihf/bin/
LIBRARY_PATH=/home/som3a133/x-tools/arm-cortexa9_neon-linux-musleabihf/lib/gcc/arm-cortexa9_neon-linux-musleabihf/11.2.0/:/home/som3a133/x-tools/arm-cortexa9_neon-linux-musleabihf/lib/gcc/arm-cortexa9_neon-linux-musleabihf/11.2.0/../../../../arm-cortexa9_neon-linux-musleabihf/lib/:/home/som3a133/x-tools/arm-cortexa9_neon-linux-musleabihf/arm-cortexa9_neon-linux-musleabihf/sysroot/lib/:/home/som3a133/x-tools/arm-cortexa9_neon-linux-musleabihf/arm-cortexa9_neon-linux-musleabihf/sysroot/usr/lib/
COLLECT_GCC_OPTIONS='-v' '-o' 'cmTC_930a8' '-shared-libgcc' '-mcpu=cortex-a9' '-mfloat-abi=hard' '-mfpu=neon' '-mtls-dialect=gnu' '-marm' '-mlibarch=armv7-a+mp+sec+simd' '-march=armv7-a+mp+sec+simd' '-dumpdir' 'cmTC_930a8.'
 /home/som3a133/x-tools/arm-cortexa9_neon-linux-musleabihf/libexec/gcc/arm-cortexa9_neon-linux-musleabihf/11.2.0/collect2 -plugin /home/som3a133/x-tools/arm-cortexa9_neon-linux-musleabihf/libexec/gcc/arm-cortexa9_neon-linux-musleabihf/11.2.0/liblto_plugin.so -plugin-opt=/home/som3a133/x-tools/arm-cortexa9_neon-linux-musleabihf/libexec/gcc/arm-cortexa9_neon-linux-musleabihf/11.2.0/lto-wrapper -plugin-opt=-fresolution=/tmp/ccrjauV2.res -plugin-opt=-pass-through=-lgcc_s -plugin-opt=-pass-through=-lgcc -plugin-opt=-pass-through=-lc -plugin-opt=-pass-through=-lgcc_s -plugin-opt=-pass-through=-lgcc --sysroot=/home/som3a133/x-tools/arm-cortexa9_neon-linux-musleabihf/arm-cortexa9_neon-linux-musleabihf/sysroot --eh-frame-hdr -dynamic-linker /lib/ld-musl-armhf.so.1 -X -m armelf_linux_eabi -o cmTC_930a8 /home/som3a133/x-tools/arm-cortexa9_neon-linux-musleabihf/arm-cortexa9_neon-linux-musleabihf/sysroot/usr/lib/crt1.o /home/som3a133/x-tools/arm-cortexa9_neon-linux-musleabihf/arm-cortexa9_neon-linux-musleabihf/sysroot/usr/lib/crti.o /home/som3a133/x-tools/arm-cortexa9_neon-linux-musleabihf/lib/gcc/arm-cortexa9_neon-linux-musleabihf/11.2.0/crtbegin.o -L/home/som3a133/x-tools/arm-cortexa9_neon-linux-musleabihf/lib/gcc/arm-cortexa9_neon-linux-musleabihf/11.2.0 -L/home/som3a133/x-tools/arm-cortexa9_neon-linux-musleabihf/lib/gcc/arm-cortexa9_neon-linux-musleabihf/11.2.0/../../../../arm-cortexa9_neon-linux-musleabihf/lib -L/home/som3a133/x-tools/arm-cortexa9_neon-linux-musleabihf/arm-cortexa9_neon-linux-musleabihf/sysroot/lib -L/home/som3a133/x-tools/arm-cortexa9_neon-linux-musleabihf/arm-cortexa9_neon-linux-musleabihf/sysroot/usr/lib CMakeFiles/cmTC_930a8.dir/CMakeCXXCompilerABI.cpp.o -lstdc++ -lm -lgcc_s -lgcc -lc -lgcc_s -lgcc /home/som3a133/x-tools/arm-cortexa9_neon-linux-musleabihf/lib/gcc/arm-cortexa9_neon-linux-musleabihf/11.2.0/crtend.o /home/som3a133/x-tools/arm-cortexa9_neon-linux-musleabihf/arm-cortexa9_neon-linux-musleabihf/sysroot/usr/lib/crtn.o
COLLECT_GCC_OPTIONS='-v' '-o' 'cmTC_930a8' '-shared-libgcc' '-mcpu=cortex-a9' '-mfloat-abi=hard' '-mfpu=neon' '-mtls-dialect=gnu' '-marm' '-mlibarch=armv7-a+mp+sec+simd' '-march=armv7-a+mp+sec+simd' '-dumpdir' 'cmTC_930a8.'
gmake[1]: Leaving directory '/home/som3a133/Desktop/EmbeddedLinux/Qemu/initApp/build/CMakeFiles/CMakeTmp'



Parsed CXX implicit include dir info from above output: rv=done
  found start of include info
  found start of implicit include info
    add: [/home/som3a133/x-tools/arm-cortexa9_neon-linux-musleabihf/lib/gcc/arm-cortexa9_neon-linux-musleabihf/11.2.0/../../../../arm-cortexa9_neon-linux-musleabihf/include/c++/11.2.0]
    add: [/home/som3a133/x-tools/arm-cortexa9_neon-linux-musleabihf/lib/gcc/arm-cortexa9_neon-linux-musleabihf/11.2.0/../../../../arm-cortexa9_neon-linux-musleabihf/include/c++/11.2.0/arm-cortexa9_neon-linux-musleabihf]
    add: [/home/som3a133/x-tools/arm-cortexa9_neon-linux-musleabihf/lib/gcc/arm-cortexa9_neon-linux-musleabihf/11.2.0/../../../../arm-cortexa9_neon-linux-musleabihf/include/c++/11.2.0/backward]
    add: [/home/som3a133/x-tools/arm-cortexa9_neon-linux-musleabihf/lib/gcc/arm-cortexa9_neon-linux-musleabihf/11.2.0/../../../../arm-cortexa9_neon-linux-musleabihf/include]
    add: [/home/som3a133/x-tools/arm-cortexa9_neon-linux-musleabihf/arm-cortexa9_neon-linux-musleabihf/sysroot/usr/include]
    add: [/home/som3a133/x-tools/arm-cortexa9_neon-linux-musleabihf/lib/gcc/arm-cortexa9_neon-linux-musleabihf/11.2.0/include]
  end of search list found
  collapse include dir [/home/som3a133/x-tools/arm-cortexa9_neon-linux-musleabihf/lib/gcc/arm-cortexa9_neon-linux-musleabihf/11.2.0/../../../../arm-cortexa9_neon-linux-musleabihf/include/c++/11.2.0] ==> [/home/som3a133/x-tools/arm-cortexa9_neon-linux-musleabihf/arm-cortexa9_neon-linux-musleabihf/include/c++/11.2.0]
  collapse include dir [/home/som3a133/x-tools/arm-cortexa9_neon-linux-musleabihf/lib/gcc/arm-cortexa9_neon-linux-musleabihf/11.2.0/../../../../arm-cortexa9_neon-linux-musleabihf/include/c++/11.2.0/arm-cortexa9_neon-linux-musleabihf] ==> [/home/som3a133/x-tools/arm-cortexa9_neon-linux-musleabihf/arm-cortexa9_neon-linux-musleabihf/include/c++/11.2.0/arm-cortexa9_neon-linux-musleabihf]
  collapse include dir [/home/som3a133/x-tools/arm-cortexa9_neon-linux-musleabihf/lib/gcc/arm-cortexa9_neon-linux-musleabihf/11.2.0/../../../../arm-cortexa9_neon-linux-musleabihf/include/c++/11.2.0/backward] ==> [/home/som3a133/x-tools/arm-cortexa9_neon-linux-musleabihf/arm-cortexa9_neon-linux-musleabihf/include/c++/11.2.0/backward]
  collapse include dir [/home/som3a133/x-tools/arm-cortexa9_neon-linux-musleabihf/lib/gcc/arm-cortexa9_neon-linux-musleabihf/11.2.0/../../../../arm-cortexa9_neon-linux-musleabihf/include] ==> [/home/som3a133/x-tools/arm-cortexa9_neon-linux-musleabihf/arm-cortexa9_neon-linux-musleabihf/include]
  collapse include dir [/home/som3a133/x-tools/arm-cortexa9_neon-linux-musleabihf/arm-cortexa9_neon-linux-musleabihf/sysroot/usr/include] ==> [/home/som3a133/x-tools/arm-cortexa9_neon-linux-musleabihf/arm-cortexa9_neon-linux-musleabihf/sysroot/usr/include]
  collapse include dir [/home/som3a133/x-tools/arm-cortexa9_neon-linux-musleabihf/lib/gcc/arm-cortexa9_neon-linux-musleabihf/11.2.0/include] ==> [/home/som3a133/x-tools/arm-cortexa9_neon-linux-musleabihf/lib/gcc/arm-cortexa9_neon-linux-musleabihf/11.2.0/include]
  implicit include dirs: [/home/som3a133/x-tools/arm-cortexa9_neon-linux-musleabihf/arm-cortexa9_neon-linux-musleabihf/include/c++/11.2.0;/home/som3a133/x-tools/arm-cortexa9_neon-linux-musleabihf/arm-cortexa9_neon-linux-musleabihf/include/c++/11.2.0/arm-cortexa9_neon-linux-musleabihf;/home/som3a133/x-tools/arm-cortexa9_neon-linux-musleabihf/arm-cortexa9_neon-linux-musleabihf/include/c++/11.2.0/backward;/home/som3a133/x-tools/arm-cortexa9_neon-linux-musleabihf/arm-cortexa9_neon-linux-musleabihf/include;/home/som3a133/x-tools/arm-cortexa9_neon-linux-musleabihf/arm-cortexa9_neon-linux-musleabihf/sysroot/usr/include;/home/som3a133/x-tools/arm-cortexa9_neon-linux-musleabihf/lib/gcc/arm-cortexa9_neon-linux-musleabihf/11.2.0/include]


Parsed CXX implicit link information from above output:
  link line regex: [^( *|.*[/\])(arm-cortexa9_neon-linux-musleabihf-ld|CMAKE_LINK_STARTFILE-NOTFOUND|([^/\]+-)?ld|collect2)[^/\]*( |$)]
  ignore line: [Change Dir: /home/som3a133/Desktop/EmbeddedLinux/Qemu/initApp/build/CMakeFiles/CMakeTmp]
  ignore line: []
  ignore line: [Run Build Command(s):/usr/bin/gmake -f Makefile cmTC_930a8/fast && /usr/bin/gmake  -f CMakeFiles/cmTC_930a8.dir/build.make CMakeFiles/cmTC_930a8.dir/build]
  ignore line: [gmake[1]: Entering directory '/home/som3a133/Desktop/EmbeddedLinux/Qemu/initApp/build/CMakeFiles/CMakeTmp']
  ignore line: [Building CXX object CMakeFiles/cmTC_930a8.dir/CMakeCXXCompilerABI.cpp.o]
  ignore line: [/home/som3a133/x-tools/arm-cortexa9_neon-linux-musleabihf/bin/arm-cortexa9_neon-linux-musleabihf-g++   -v -o CMakeFiles/cmTC_930a8.dir/CMakeCXXCompilerABI.cpp.o -c /usr/share/cmake-3.22/Modules/CMakeCXXCompilerABI.cpp]
  ignore line: [Using built-in specs.]
  ignore line: [COLLECT_GCC=/home/som3a133/x-tools/arm-cortexa9_neon-linux-musleabihf/bin/arm-cortexa9_neon-linux-musleabihf-g++]
  ignore line: [Target: arm-cortexa9_neon-linux-musleabihf]
  ignore line: [Configured with: /home/som3a133/Desktop/crosstool-NG/crosstool-ng/.build/arm-cortexa9_neon-linux-musleabihf/src/gcc/configure --build=x86_64-build_pc-linux-gnu --host=x86_64-build_pc-linux-gnu --target=arm-cortexa9_neon-linux-musleabihf --prefix=/home/som3a133/x-tools/arm-cortexa9_neon-linux-musleabihf --exec_prefix=/home/som3a133/x-tools/arm-cortexa9_neon-linux-musleabihf --with-sysroot=/home/som3a133/x-tools/arm-cortexa9_neon-linux-musleabihf/arm-cortexa9_neon-linux-musleabihf/sysroot --enable-languages=c c++ --with-cpu=cortex-a9 --with-fpu=neon --with-float=hard --with-pkgversion='crosstool-NG 1.24.0.489_25f6dae' --enable-__cxa_atexit --disable-libmudflap --disable-libgomp --disable-libssp --disable-libquadmath --disable-libquadmath-support --disable-libsanitizer --disable-libmpx --with-gmp=/home/som3a133/Desktop/crosstool-NG/crosstool-ng/.build/arm-cortexa9_neon-linux-musleabihf/buildtools --with-mpfr=/home/som3a133/Desktop/crosstool-NG/crosstool-ng/.build/arm-cortexa9_neon-linux-musleabihf/buildtools --with-mpc=/home/som3a133/Desktop/crosstool-NG/crosstool-ng/.build/arm-cortexa9_neon-linux-musleabihf/buildtools --with-isl=/home/som3a133/Desktop/crosstool-NG/crosstool-ng/.build/arm-cortexa9_neon-linux-musleabihf/buildtools --enable-lto --enable-threads=posix --enable-plugin --enable-gold --with-libintl-prefix=/home/som3a133/Desktop/crosstool-NG/crosstool-ng/.build/arm-cortexa9_neon-linux-musleabihf/buildtools --disable-multilib --with-local-prefix=/home/som3a133/x-tools/arm-cortexa9_neon-linux-musleabihf/arm-cortexa9_neon-linux-musleabihf/sysroot --enable-long-long]
  ignore line: [Thread model: posix]
  ignore line: [Supported LTO compression algorithms: zlib]
  ignore line: [gcc version 11.2.0 (crosstool-NG 1.24.0.489_25f6dae) ]
  ignore line: [COLLECT_GCC_OPTIONS='-v' '-o' 'CMakeFiles/cmTC_930a8.dir/CMakeCXXCompilerABI.cpp.o' '-c' '-shared-libgcc' '-mcpu=cortex-a9' '-mfloat-abi=hard' '-mfpu=neon' '-mtls-dialect=gnu' '-marm' '-mlibarch=armv7-a+mp+sec+simd' '-march=armv7-a+mp+sec+simd' '-dumpdir' 'CMakeFiles/cmTC_930a8.dir/']
  ignore line: [ /home/som3a133/x-tools/arm-cortexa9_neon-linux-musleabihf/libexec/gcc/arm-cortexa9_neon-linux-musleabihf/11.2.0/cc1plus -quiet -v -D_GNU_SOURCE /usr/share/cmake-3.22/Modules/CMakeCXXCompilerABI.cpp -quiet -dumpdir CMakeFiles/cmTC_930a8.dir/ -dumpbase CMakeCXXCompilerABI.cpp.cpp -dumpbase-ext .cpp -mcpu=cortex-a9 -mfloat-abi=hard -mfpu=neon -mtls-dialect=gnu -marm -mlibarch=armv7-a+mp+sec+simd -march=armv7-a+mp+sec+simd -version -o /tmp/ccUYdCgP.s]
  ignore line: [GNU C++17 (crosstool-NG 1.24.0.489_25f6dae) version 11.2.0 (arm-cortexa9_neon-linux-musleabihf)]
  ignore line: [	compiled by GNU C version 11.4.0  GMP version 6.2.1  MPFR version 4.1.0  MPC version 1.2.0  isl version isl-0.24-GMP]
  ignore line: []
  ignore line: [GGC heuristics: --param ggc-min-expand=100 --param ggc-min-heapsize=131072]
  ignore line: [ignoring nonexistent directory "/home/som3a133/x-tools/arm-cortexa9_neon-linux-musleabihf/arm-cortexa9_neon-linux-musleabihf/sysroot/home/som3a133/x-tools/arm-cortexa9_neon-linux-musleabihf/arm-cortexa9_neon-linux-musleabihf/sysroot/include"]
  ignore line: [#include "..." search starts here:]
  ignore line: [#include <...> search starts here:]
  ignore line: [ /home/som3a133/x-tools/arm-cortexa9_neon-linux-musleabihf/lib/gcc/arm-cortexa9_neon-linux-musleabihf/11.2.0/../../../../arm-cortexa9_neon-linux-musleabihf/include/c++/11.2.0]
  ignore line: [ /home/som3a133/x-tools/arm-cortexa9_neon-linux-musleabihf/lib/gcc/arm-cortexa9_neon-linux-musleabihf/11.2.0/../../../../arm-cortexa9_neon-linux-musleabihf/include/c++/11.2.0/arm-cortexa9_neon-linux-musleabihf]
  ignore line: [ /home/som3a133/x-tools/arm-cortexa9_neon-linux-musleabihf/lib/gcc/arm-cortexa9_neon-linux-musleabihf/11.2.0/../../../../arm-cortexa9_neon-linux-musleabihf/include/c++/11.2.0/backward]
  ignore line: [ /home/som3a133/x-tools/arm-cortexa9_neon-linux-musleabihf/lib/gcc/arm-cortexa9_neon-linux-musleabihf/11.2.0/../../../../arm-cortexa9_neon-linux-musleabihf/include]
  ignore line: [ /home/som3a133/x-tools/arm-cortexa9_neon-linux-musleabihf/arm-cortexa9_neon-linux-musleabihf/sysroot/usr/include]
  ignore line: [ /home/som3a133/x-tools/arm-cortexa9_neon-linux-musleabihf/lib/gcc/arm-cortexa9_neon-linux-musleabihf/11.2.0/include]
  ignore line: [End of search list.]
  ignore line: [GNU C++17 (crosstool-NG 1.24.0.489_25f6dae) version 11.2.0 (arm-cortexa9_neon-linux-musleabihf)]
  ignore line: [	compiled by GNU C version 11.4.0  GMP version 6.2.1  MPFR version 4.1.0  MPC version 1.2.0  isl version isl-0.24-GMP]
  ignore line: []
  ignore line: [GGC heuristics: --param ggc-min-expand=100 --param ggc-min-heapsize=131072]
  ignore line: [Compiler executable checksum: deff7b43eb861d2b615eb43dd80e6825]
  ignore line: [COLLECT_GCC_OPTIONS='-v' '-o' 'CMakeFiles/cmTC_930a8.dir/CMakeCXXCompilerABI.cpp.o' '-c' '-shared-libgcc' '-mcpu=cortex-a9' '-mfloat-abi=hard' '-mfpu=neon' '-mtls-dialect=gnu' '-marm' '-mlibarch=armv7-a+mp+sec+simd' '-march=armv7-a+mp+sec+simd' '-dumpdir' 'CMakeFiles/cmTC_930a8.dir/']
  ignore line: [ /home/som3a133/x-tools/arm-cortexa9_neon-linux-musleabihf/lib/gcc/arm-cortexa9_neon-linux-musleabihf/11.2.0/../../../../arm-cortexa9_neon-linux-musleabihf/bin/as -v -march=armv7-a+mp+sec -mfloat-abi=hard -mfpu=neon -meabi=5 -o CMakeFiles/cmTC_930a8.dir/CMakeCXXCompilerABI.cpp.o /tmp/ccUYdCgP.s]
  ignore line: [GNU assembler version 2.37 (arm-cortexa9_neon-linux-musleabihf) using BFD version (crosstool-NG 1.24.0.489_25f6dae) 2.37]
  ignore line: [COMPILER_PATH=/home/som3a133/x-tools/arm-cortexa9_neon-linux-musleabihf/libexec/gcc/arm-cortexa9_neon-linux-musleabihf/11.2.0/:/home/som3a133/x-tools/arm-cortexa9_neon-linux-musleabihf/libexec/gcc/arm-cortexa9_neon-linux-musleabihf/11.2.0/:/home/som3a133/x-tools/arm-cortexa9_neon-linux-musleabihf/libexec/gcc/arm-cortexa9_neon-linux-musleabihf/:/home/som3a133/x-tools/arm-cortexa9_neon-linux-musleabihf/lib/gcc/arm-cortexa9_neon-linux-musleabihf/11.2.0/:/home/som3a133/x-tools/arm-cortexa9_neon-linux-musleabihf/lib/gcc/arm-cortexa9_neon-linux-musleabihf/:/home/som3a133/x-tools/arm-cortexa9_neon-linux-musleabihf/lib/gcc/arm-cortexa9_neon-linux-musleabihf/11.2.0/../../../../arm-cortexa9_neon-linux-musleabihf/bin/]
  ignore line: [LIBRARY_PATH=/home/som3a133/x-tools/arm-cortexa9_neon-linux-musleabihf/lib/gcc/arm-cortexa9_neon-linux-musleabihf/11.2.0/:/home/som3a133/x-tools/arm-cortexa9_neon-linux-musleabihf/lib/gcc/arm-cortexa9_neon-linux-musleabihf/11.2.0/../../../../arm-cortexa9_neon-linux-musleabihf/lib/:/home/som3a133/x-tools/arm-cortexa9_neon-linux-musleabihf/arm-cortexa9_neon-linux-musleabihf/sysroot/lib/:/home/som3a133/x-tools/arm-cortexa9_neon-linux-musleabihf/arm-cortexa9_neon-linux-musleabihf/sysroot/usr/lib/]
  ignore line: [COLLECT_GCC_OPTIONS='-v' '-o' 'CMakeFiles/cmTC_930a8.dir/CMakeCXXCompilerABI.cpp.o' '-c' '-shared-libgcc' '-mcpu=cortex-a9' '-mfloat-abi=hard' '-mfpu=neon' '-mtls-dialect=gnu' '-marm' '-mlibarch=armv7-a+mp+sec+simd' '-march=armv7-a+mp+sec+simd' '-dumpdir' 'CMakeFiles/cmTC_930a8.dir/CMakeCXXCompilerABI.cpp.']
  ignore line: [Linking CXX executable cmTC_930a8]
  ignore line: [/usr/bin/cmake -E cmake_link_script CMakeFiles/cmTC_930a8.dir/link.txt --verbose=1]
  ignore line: [/home/som3a133/x-tools/arm-cortexa9_neon-linux-musleabihf/bin/arm-cortexa9_neon-linux-musleabihf-g++  -v CMakeFiles/cmTC_930a8.dir/CMakeCXXCompilerABI.cpp.o -o cmTC_930a8 ]
  ignore line: [Using built-in specs.]
  ignore line: [COLLECT_GCC=/home/som3a133/x-tools/arm-cortexa9_neon-linux-musleabihf/bin/arm-cortexa9_neon-linux-musleabihf-g++]
  ignore line: [COLLECT_LTO_WRAPPER=/home/som3a133/x-tools/arm-cortexa9_neon-linux-musleabihf/libexec/gcc/arm-cortexa9_neon-linux-musleabihf/11.2.0/lto-wrapper]
  ignore line: [Target: arm-cortexa9_neon-linux-musleabihf]
  ignore line: [Configured with: /home/som3a133/Desktop/crosstool-NG/crosstool-ng/.build/arm-cortexa9_neon-linux-musleabihf/src/gcc/configure --build=x86_64-build_pc-linux-gnu --host=x86_64-build_pc-linux-gnu --target=arm-cortexa9_neon-linux-musleabihf --prefix=/home/som3a133/x-tools/arm-cortexa9_neon-linux-musleabihf --exec_prefix=/home/som3a133/x-tools/arm-cortexa9_neon-linux-musleabihf --with-sysroot=/home/som3a133/x-tools/arm-cortexa9_neon-linux-musleabihf/arm-cortexa9_neon-linux-musleabihf/sysroot --enable-languages=c c++ --with-cpu=cortex-a9 --with-fpu=neon --with-float=hard --with-pkgversion='crosstool-NG 1.24.0.489_25f6dae' --enable-__cxa_atexit --disable-libmudflap --disable-libgomp --disable-libssp --disable-libquadmath --disable-libquadmath-support --disable-libsanitizer --disable-libmpx --with-gmp=/home/som3a133/Desktop/crosstool-NG/crosstool-ng/.build/arm-cortexa9_neon-linux-musleabihf/buildtools --with-mpfr=/home/som3a133/Desktop/crosstool-NG/crosstool-ng/.build/arm-cortexa9_neon-linux-musleabihf/buildtools --with-mpc=/home/som3a133/Desktop/crosstool-NG/crosstool-ng/.build/arm-cortexa9_neon-linux-musleabihf/buildtools --with-isl=/home/som3a133/Desktop/crosstool-NG/crosstool-ng/.build/arm-cortexa9_neon-linux-musleabihf/buildtools --enable-lto --enable-threads=posix --enable-plugin --enable-gold --with-libintl-prefix=/home/som3a133/Desktop/crosstool-NG/crosstool-ng/.build/arm-cortexa9_neon-linux-musleabihf/buildtools --disable-multilib --with-local-prefix=/home/som3a133/x-tools/arm-cortexa9_neon-linux-musleabihf/arm-cortexa9_neon-linux-musleabihf/sysroot --enable-long-long]
  ignore line: [Thread model: posix]
  ignore line: [Supported LTO compression algorithms: zlib]
  ignore line: [gcc version 11.2.0 (crosstool-NG 1.24.0.489_25f6dae) ]
  ignore line: [COMPILER_PATH=/home/som3a133/x-tools/arm-cortexa9_neon-linux-musleabihf/libexec/gcc/arm-cortexa9_neon-linux-musleabihf/11.2.0/:/home/som3a133/x-tools/arm-cortexa9_neon-linux-musleabihf/libexec/gcc/arm-cortexa9_neon-linux-musleabihf/11.2.0/:/home/som3a133/x-tools/arm-cortexa9_neon-linux-musleabihf/libexec/gcc/arm-cortexa9_neon-linux-musleabihf/:/home/som3a133/x-tools/arm-cortexa9_neon-linux-musleabihf/lib/gcc/arm-cortexa9_neon-linux-musleabihf/11.2.0/:/home/som3a133/x-tools/arm-cortexa9_neon-linux-musleabihf/lib/gcc/arm-cortexa9_neon-linux-musleabihf/:/home/som3a133/x-tools/arm-cortexa9_neon-linux-musleabihf/lib/gcc/arm-cortexa9_neon-linux-musleabihf/11.2.0/../../../../arm-cortexa9_neon-linux-musleabihf/bin/]
  ignore line: [LIBRARY_PATH=/home/som3a133/x-tools/arm-cortexa9_neon-linux-musleabihf/lib/gcc/arm-cortexa9_neon-linux-musleabihf/11.2.0/:/home/som3a133/x-tools/arm-cortexa9_neon-linux-musleabihf/lib/gcc/arm-cortexa9_neon-linux-musleabihf/11.2.0/../../../../arm-cortexa9_neon-linux-musleabihf/lib/:/home/som3a133/x-tools/arm-cortexa9_neon-linux-musleabihf/arm-cortexa9_neon-linux-musleabihf/sysroot/lib/:/home/som3a133/x-tools/arm-cortexa9_neon-linux-musleabihf/arm-cortexa9_neon-linux-musleabihf/sysroot/usr/lib/]
  ignore line: [COLLECT_GCC_OPTIONS='-v' '-o' 'cmTC_930a8' '-shared-libgcc' '-mcpu=cortex-a9' '-mfloat-abi=hard' '-mfpu=neon' '-mtls-dialect=gnu' '-marm' '-mlibarch=armv7-a+mp+sec+simd' '-march=armv7-a+mp+sec+simd' '-dumpdir' 'cmTC_930a8.']
  link line: [ /home/som3a133/x-tools/arm-cortexa9_neon-linux-musleabihf/libexec/gcc/arm-cortexa9_neon-linux-musleabihf/11.2.0/collect2 -plugin /home/som3a133/x-tools/arm-cortexa9_neon-linux-musleabihf/libexec/gcc/arm-cortexa9_neon-linux-musleabihf/11.2.0/liblto_plugin.so -plugin-opt=/home/som3a133/x-tools/arm-cortexa9_neon-linux-musleabihf/libexec/gcc/arm-cortexa9_neon-linux-musleabihf/11.2.0/lto-wrapper -plugin-opt=-fresolution=/tmp/ccrjauV2.res -plugin-opt=-pass-through=-lgcc_s -plugin-opt=-pass-through=-lgcc -plugin-opt=-pass-through=-lc -plugin-opt=-pass-through=-lgcc_s -plugin-opt=-pass-through=-lgcc --sysroot=/home/som3a133/x-tools/arm-cortexa9_neon-linux-musleabihf/arm-cortexa9_neon-linux-musleabihf/sysroot --eh-frame-hdr -dynamic-linker /lib/ld-musl-armhf.so.1 -X -m armelf_linux_eabi -o cmTC_930a8 /home/som3a133/x-tools/arm-cortexa9_neon-linux-musleabihf/arm-cortexa9_neon-linux-musleabihf/sysroot/usr/lib/crt1.o /home/som3a133/x-tools/arm-cortexa9_neon-linux-musleabihf/arm-cortexa9_neon-linux-musleabihf/sysroot/usr/lib/crti.o /home/som3a133/x-tools/arm-cortexa9_neon-linux-musleabihf/lib/gcc/arm-cortexa9_neon-linux-musleabihf/11.2.0/crtbegin.o -L/home/som3a133/x-tools/arm-cortexa9_neon-linux-musleabihf/lib/gcc/arm-cortexa9_neon-linux-musleabihf/11.2.0 -L/home/som3a133/x-tools/arm-cortexa9_neon-linux-musleabihf/lib/gcc/arm-cortexa9_neon-linux-musleabihf/11.2.0/../../../../arm-cortexa9_neon-linux-musleabihf/lib -L/home/som3a133/x-tools/arm-cortexa9_neon-linux-musleabihf/arm-cortexa9_neon-linux-musleabihf/sysroot/lib -L/home/som3a133/x-tools/arm-cortexa9_neon-linux-musleabihf/arm-cortexa9_neon-linux-musleabihf/sysroot/usr/lib CMakeFiles/cmTC_930a8.dir/CMakeCXXCompilerABI.cpp.o -lstdc++ -lm -lgcc_s -lgcc -lc -lgcc_s -lgcc /home/som3a133/x-tools/arm-cortexa9_neon-linux-musleabihf/lib/gcc/arm-cortexa9_neon-linux-musleabihf/11.2.0/crtend.o /home/som3a133/x-tools/arm-cortexa9_neon-linux-musleabihf/arm-cortexa9_neon-linux-musleabihf/sysroot/usr/lib/crtn.o]
    arg [/home/som3a133/x-tools/arm-cortexa9_neon-linux-musleabihf/libexec/gcc/arm-cortexa9_neon-linux-musleabihf/11.2.0/collect2] ==> ignore
    arg [-plugin] ==> ignore
    arg [/home/som3a133/x-tools/arm-cortexa9_neon-linux-musleabihf/libexec/gcc/arm-cortexa9_neon-linux-musleabihf/11.2.0/liblto_plugin.so] ==> ignore
    arg [-plugin-opt=/home/som3a133/x-tools/arm-cortexa9_neon-linux-musleabihf/libexec/gcc/arm-cortexa9_neon-linux-musleabihf/11.2.0/lto-wrapper] ==> ignore
    arg [-plugin-opt=-fresolution=/tmp/ccrjauV2.res] ==> ignore
    arg [-plugin-opt=-pass-through=-lgcc_s] ==> ignore
    arg [-plugin-opt=-pass-through=-lgcc] ==> ignore
    arg [-plugin-opt=-pass-through=-lc] ==> ignore
    arg [-plugin-opt=-pass-through=-lgcc_s] ==> ignore
    arg [-plugin-opt=-pass-through=-lgcc] ==> ignore
    arg [--sysroot=/home/som3a133/x-tools/arm-cortexa9_neon-linux-musleabihf/arm-cortexa9_neon-linux-musleabihf/sysroot] ==> ignore
    arg [--eh-frame-hdr] ==> ignore
    arg [-dynamic-linker] ==> ignore
    arg [/lib/ld-musl-armhf.so.1] ==> ignore
    arg [-X] ==> ignore
    arg [-m] ==> ignore
    arg [armelf_linux_eabi] ==> ignore
    arg [-o] ==> ignore
    arg [cmTC_930a8] ==> ignore
    arg [/home/som3a133/x-tools/arm-cortexa9_neon-linux-musleabihf/arm-cortexa9_neon-linux-musleabihf/sysroot/usr/lib/crt1.o] ==> obj [/home/som3a133/x-tools/arm-cortexa9_neon-linux-musleabihf/arm-cortexa9_neon-linux-musleabihf/sysroot/usr/lib/crt1.o]
    arg [/home/som3a133/x-tools/arm-cortexa9_neon-linux-musleabihf/arm-cortexa9_neon-linux-musleabihf/sysroot/usr/lib/crti.o] ==> obj [/home/som3a133/x-tools/arm-cortexa9_neon-linux-musleabihf/arm-cortexa9_neon-linux-musleabihf/sysroot/usr/lib/crti.o]
    arg [/home/som3a133/x-tools/arm-cortexa9_neon-linux-musleabihf/lib/gcc/arm-cortexa9_neon-linux-musleabihf/11.2.0/crtbegin.o] ==> obj [/home/som3a133/x-tools/arm-cortexa9_neon-linux-musleabihf/lib/gcc/arm-cortexa9_neon-linux-musleabihf/11.2.0/crtbegin.o]
    arg [-L/home/som3a133/x-tools/arm-cortexa9_neon-linux-musleabihf/lib/gcc/arm-cortexa9_neon-linux-musleabihf/11.2.0] ==> dir [/home/som3a133/x-tools/arm-cortexa9_neon-linux-musleabihf/lib/gcc/arm-cortexa9_neon-linux-musleabihf/11.2.0]
    arg [-L/home/som3a133/x-tools/arm-cortexa9_neon-linux-musleabihf/lib/gcc/arm-cortexa9_neon-linux-musleabihf/11.2.0/../../../../arm-cortexa9_neon-linux-musleabihf/lib] ==> dir [/home/som3a133/x-tools/arm-cortexa9_neon-linux-musleabihf/lib/gcc/arm-cortexa9_neon-linux-musleabihf/11.2.0/../../../../arm-cortexa9_neon-linux-musleabihf/lib]
    arg [-L/home/som3a133/x-tools/arm-cortexa9_neon-linux-musleabihf/arm-cortexa9_neon-linux-musleabihf/sysroot/lib] ==> dir [/home/som3a133/x-tools/arm-cortexa9_neon-linux-musleabihf/arm-cortexa9_neon-linux-musleabihf/sysroot/lib]
    arg [-L/home/som3a133/x-tools/arm-cortexa9_neon-linux-musleabihf/arm-cortexa9_neon-linux-musleabihf/sysroot/usr/lib] ==> dir [/home/som3a133/x-tools/arm-cortexa9_neon-linux-musleabihf/arm-cortexa9_neon-linux-musleabihf/sysroot/usr/lib]
    arg [CMakeFiles/cmTC_930a8.dir/CMakeCXXCompilerABI.cpp.o] ==> ignore
    arg [-lstdc++] ==> lib [stdc++]
    arg [-lm] ==> lib [m]
    arg [-lgcc_s] ==> lib [gcc_s]
    arg [-lgcc] ==> lib [gcc]
    arg [-lc] ==> lib [c]
    arg [-lgcc_s] ==> lib [gcc_s]
    arg [-lgcc] ==> lib [gcc]
    arg [/home/som3a133/x-tools/arm-cortexa9_neon-linux-musleabihf/lib/gcc/arm-cortexa9_neon-linux-musleabihf/11.2.0/crtend.o] ==> obj [/home/som3a133/x-tools/arm-cortexa9_neon-linux-musleabihf/lib/gcc/arm-cortexa9_neon-linux-musleabihf/11.2.0/crtend.o]
    arg [/home/som3a133/x-tools/arm-cortexa9_neon-linux-musleabihf/arm-cortexa9_neon-linux-musleabihf/sysroot/usr/lib/crtn.o] ==> obj [/home/som3a133/x-tools/arm-cortexa9_neon-linux-musleabihf/arm-cortexa9_neon-linux-musleabihf/sysroot/usr/lib/crtn.o]
  collapse library dir [/home/som3a133/x-tools/arm-cortexa9_neon-linux-musleabihf/lib/gcc/arm-cortexa9_neon-linux-musleabihf/11.2.0] ==> [/home/som3a133/x-tools/arm-cortexa9_neon-linux-musleabihf/lib/gcc/arm-cortexa9_neon-linux-musleabihf/11.2.0]
  collapse library dir [/home/som3a133/x-tools/arm-cortexa9_neon-linux-musleabihf/lib/gcc/arm-cortexa9_neon-linux-musleabihf/11.2.0/../../../../arm-cortexa9_neon-linux-musleabihf/lib] ==> [/home/som3a133/x-tools/arm-cortexa9_neon-linux-musleabihf/arm-cortexa9_neon-linux-musleabihf/lib]
  collapse library dir [/home/som3a133/x-tools/arm-cortexa9_neon-linux-musleabihf/arm-cortexa9_neon-linux-musleabihf/sysroot/lib] ==> [/home/som3a133/x-tools/arm-cortexa9_neon-linux-musleabihf/arm-cortexa9_neon-linux-musleabihf/sysroot/lib]
  collapse library dir [/home/som3a133/x-tools/arm-cortexa9_neon-linux-musleabihf/arm-cortexa9_neon-linux-musleabihf/sysroot/usr/lib] ==> [/home/som3a133/x-tools/arm-cortexa9_neon-linux-musleabihf/arm-cortexa9_neon-linux-musleabihf/sysroot/usr/lib]
  implicit libs: [stdc++;m;gcc_s;gcc;c;gcc_s;gcc]
  implicit objs: [/home/som3a133/x-tools/arm-cortexa9_neon-linux-musleabihf/arm-cortexa9_neon-linux-musleabihf/sysroot/usr/lib/crt1.o;/home/som3a133/x-tools/arm-cortexa9_neon-linux-musleabihf/arm-cortexa9_neon-linux-musleabihf/sysroot/usr/lib/crti.o;/home/som3a133/x-tools/arm-cortexa9_neon-linux-musleabihf/lib/gcc/arm-cortexa9_neon-linux-musleabihf/11.2.0/crtbegin.o;/home/som3a133/x-tools/arm-cortexa9_neon-linux-musleabihf/lib/gcc/arm-cortexa9_neon-linux-musleabihf/11.2.0/crtend.o;/home/som3a133/x-tools/arm-cortexa9_neon-linux-musleabihf/arm-cortexa9_neon-linux-musleabihf/sysroot/usr/lib/crtn.o]
  implicit dirs: [/home/som3a133/x-tools/arm-cortexa9_neon-linux-musleabihf/lib/gcc/arm-cortexa9_neon-linux-musleabihf/11.2.0;/home/som3a133/x-tools/arm-cortexa9_neon-linux-musleabihf/arm-cortexa9_neon-linux-musleabihf/lib;/home/som3a133/x-tools/arm-cortexa9_neon-linux-musleabihf/arm-cortexa9_neon-linux-musleabihf/sysroot/lib;/home/som3a133/x-tools/arm-cortexa9_neon-linux-musleabihf/arm-cortexa9_neon-linux-musleabihf/sysroot/usr/lib]
  implicit fwks: []


